[0.014s] Invoking command in '/home/aoof/Desktop/Coding/SpaceConcordia/ws_t1/build/turtlesim': CMAKE_PREFIX_PATH=/opt/ros/humble /usr/bin/cmake /home/aoof/Desktop/Coding/SpaceConcordia/ws_t1/src/ros_tutorials/turtlesim -DCMAKE_INSTALL_PREFIX=/home/aoof/Desktop/Coding/SpaceConcordia/ws_t1/install/turtlesim
[0.154s] -- The C compiler identification is GNU 11.4.0
[0.274s] -- The CXX compiler identification is GNU 11.4.0
[0.284s] -- Detecting C compiler ABI info
[0.353s] -- Detecting C compiler ABI info - done
[0.360s] -- Check for working C compiler: /usr/bin/cc - skipped
[0.360s] -- Detecting C compile features
[0.361s] -- Detecting C compile features - done
[0.364s] -- Detecting CXX compiler ABI info
[0.444s] -- Detecting CXX compiler ABI info - done
[0.450s] -- Check for working CXX compiler: /usr/bin/c++ - skipped
[0.451s] -- Detecting CXX compile features
[0.451s] -- Detecting CXX compile features - done
[0.458s] -- Found ament_cmake: 1.3.9 (/opt/ros/humble/share/ament_cmake/cmake)
[0.590s] -- Found Python3: /usr/bin/python3 (found version "3.10.12") found components: Interpreter 
[0.693s] -- Found ament_index_cpp: 1.4.0 (/opt/ros/humble/share/ament_index_cpp/cmake)
[0.698s] -- Found geometry_msgs: 4.2.4 (/opt/ros/humble/share/geometry_msgs/cmake)
[0.754s] -- Found rosidl_generator_c: 3.1.5 (/opt/ros/humble/share/rosidl_generator_c/cmake)
[0.760s] -- Found rosidl_adapter: 3.1.5 (/opt/ros/humble/share/rosidl_adapter/cmake)
[0.772s] -- Found rosidl_generator_cpp: 3.1.5 (/opt/ros/humble/share/rosidl_generator_cpp/cmake)
[0.792s] -- Using all available rosidl_typesupport_c: rosidl_typesupport_fastrtps_c;rosidl_typesupport_introspection_c
[0.817s] -- Using all available rosidl_typesupport_cpp: rosidl_typesupport_fastrtps_cpp;rosidl_typesupport_introspection_cpp
[0.960s] -- Found rclcpp: 16.0.9 (/opt/ros/humble/share/rclcpp/cmake)
[1.028s] -- Found rmw_implementation_cmake: 6.1.2 (/opt/ros/humble/share/rmw_implementation_cmake/cmake)
[1.032s] -- Found rmw_fastrtps_cpp: 6.2.6 (/opt/ros/humble/share/rmw_fastrtps_cpp/cmake)
[1.152s] -- Found OpenSSL: /usr/lib/x86_64-linux-gnu/libcrypto.so (found version "3.0.2")  
[1.179s] -- Found FastRTPS: /opt/ros/humble/include  
[1.225s] -- Using RMW implementation 'rmw_fastrtps_cpp' as default
[1.238s] -- Looking for pthread.h
[1.318s] -- Looking for pthread.h - found
[1.318s] -- Performing Test CMAKE_HAVE_LIBC_PTHREAD
[1.396s] -- Performing Test CMAKE_HAVE_LIBC_PTHREAD - Success
[1.398s] -- Found Threads: TRUE  
[1.527s] -- Found rclcpp_action: 16.0.9 (/opt/ros/humble/share/rclcpp_action/cmake)
[1.622s] -- Found rosidl_default_generators: 1.2.0 (/opt/ros/humble/share/rosidl_default_generators/cmake)
[1.634s] -- Found std_srvs: 4.2.4 (/opt/ros/humble/share/std_srvs/cmake)
[1.926s] -- Found ament_cmake_ros: 0.10.0 (/opt/ros/humble/share/ament_cmake_ros/cmake)
[2.228s] -- Using all available rosidl_typesupport_c: rosidl_typesupport_fastrtps_c;rosidl_typesupport_introspection_c
[2.349s] -- Using all available rosidl_typesupport_cpp: rosidl_typesupport_fastrtps_cpp;rosidl_typesupport_introspection_cpp
[2.369s] -- Found PythonInterp: /usr/bin/python3 (found suitable version "3.10.12", minimum required is "3.6") 
[2.372s] -- Found python_cmake_module: 0.10.0 (/opt/ros/humble/share/python_cmake_module/cmake)
[2.401s] -- Found PythonLibs: /usr/lib/x86_64-linux-gnu/libpython3.10.so (found suitable version "3.10.12", minimum required is "3.5") 
[2.401s] -- Using PYTHON_EXECUTABLE: /usr/bin/python3
[2.401s] -- Using PYTHON_INCLUDE_DIRS: /usr/include/python3.10
[2.401s] -- Using PYTHON_LIBRARIES: /usr/lib/x86_64-linux-gnu/libpython3.10.so
[2.420s] -- Found PythonExtra: .so  
[2.490s] -- Configuring done
[2.561s] -- Generating done
[2.565s] -- Build files have been written to: /home/aoof/Desktop/Coding/SpaceConcordia/ws_t1/build/turtlesim
[2.575s] Invoked command in '/home/aoof/Desktop/Coding/SpaceConcordia/ws_t1/build/turtlesim' returned '0': CMAKE_PREFIX_PATH=/opt/ros/humble /usr/bin/cmake /home/aoof/Desktop/Coding/SpaceConcordia/ws_t1/src/ros_tutorials/turtlesim -DCMAKE_INSTALL_PREFIX=/home/aoof/Desktop/Coding/SpaceConcordia/ws_t1/install/turtlesim
[2.577s] Invoking command in '/home/aoof/Desktop/Coding/SpaceConcordia/ws_t1/build/turtlesim': CMAKE_PREFIX_PATH=/opt/ros/humble /usr/bin/cmake --build /home/aoof/Desktop/Coding/SpaceConcordia/ws_t1/build/turtlesim -- -j12 -l12
[2.622s] [  1%] [34m[1mGenerating C code for ROS interfaces[0m
[2.630s] [  2%] [34m[1mGenerating C++ code for ROS interfaces[0m
[2.639s] [  2%] Built target ament_cmake_python_copy_turtlesim
[2.851s] running egg_info
[2.852s] creating turtlesim.egg-info
[2.852s] writing turtlesim.egg-info/PKG-INFO
[2.852s] writing dependency_links to turtlesim.egg-info/dependency_links.txt
[2.852s] writing top-level names to turtlesim.egg-info/top_level.txt
[2.852s] writing manifest file 'turtlesim.egg-info/SOURCES.txt'
[2.854s] reading manifest file 'turtlesim.egg-info/SOURCES.txt'
[2.855s] writing manifest file 'turtlesim.egg-info/SOURCES.txt'
[2.875s] [  2%] Built target ament_cmake_python_build_turtlesim_egg
[3.345s] [  2%] Built target turtlesim__cpp
[3.358s] [  3%] [34m[1mGenerating C++ type support dispatch for ROS interfaces[0m
[3.359s] [  4%] [34m[1mGenerating C++ type support for eProsima Fast-RTPS[0m
[3.360s] [  5%] [34m[1mGenerating C++ introspection for ROS interfaces[0m
[3.424s] [  9%] [32mBuilding C object CMakeFiles/turtlesim__rosidl_generator_c.dir/rosidl_generator_c/turtlesim/msg/detail/color__functions.c.o[0m
[3.424s] [  9%] [32mBuilding C object CMakeFiles/turtlesim__rosidl_generator_c.dir/rosidl_generator_c/turtlesim/srv/detail/set_pen__functions.c.o[0m
[3.424s] [  9%] [32mBuilding C object CMakeFiles/turtlesim__rosidl_generator_c.dir/rosidl_generator_c/turtlesim/action/detail/rotate_absolute__functions.c.o[0m
[3.424s] [ 10%] [32mBuilding C object CMakeFiles/turtlesim__rosidl_generator_c.dir/rosidl_generator_c/turtlesim/srv/detail/kill__functions.c.o[0m
[3.424s] [ 10%] [32mBuilding C object CMakeFiles/turtlesim__rosidl_generator_c.dir/rosidl_generator_c/turtlesim/msg/detail/pose__functions.c.o[0m
[3.424s] [ 11%] [32mBuilding C object CMakeFiles/turtlesim__rosidl_generator_c.dir/rosidl_generator_c/turtlesim/srv/detail/spawn__functions.c.o[0m
[3.424s] [ 12%] [32mBuilding C object CMakeFiles/turtlesim__rosidl_generator_c.dir/rosidl_generator_c/turtlesim/srv/detail/teleport_relative__functions.c.o[0m
[3.433s] [ 13%] [32mBuilding C object CMakeFiles/turtlesim__rosidl_generator_c.dir/rosidl_generator_c/turtlesim/srv/detail/teleport_absolute__functions.c.o[0m
[3.588s] [ 14%] [32m[1mLinking C shared library libturtlesim__rosidl_generator_c.so[0m
[3.627s] [ 14%] Built target turtlesim__rosidl_generator_c
[3.639s] [ 16%] [34m[1mGenerating C introspection for ROS interfaces[0m
[3.639s] [ 16%] [34m[1mGenerating C type support for eProsima Fast-RTPS[0m
[3.640s] [ 17%] [34m[1mGenerating C type support dispatch for ROS interfaces[0m
[3.867s] [ 21%] [32mBuilding CXX object CMakeFiles/turtlesim__rosidl_typesupport_cpp.dir/rosidl_typesupport_cpp/turtlesim/msg/color__type_support.cpp.o[0m
[3.867s] [ 21%] [32mBuilding CXX object CMakeFiles/turtlesim__rosidl_typesupport_cpp.dir/rosidl_typesupport_cpp/turtlesim/action/rotate_absolute__type_support.cpp.o[0m
[3.867s] [ 21%] [32mBuilding CXX object CMakeFiles/turtlesim__rosidl_typesupport_cpp.dir/rosidl_typesupport_cpp/turtlesim/srv/kill__type_support.cpp.o[0m
[3.867s] [ 22%] [32mBuilding CXX object CMakeFiles/turtlesim__rosidl_typesupport_cpp.dir/rosidl_typesupport_cpp/turtlesim/srv/spawn__type_support.cpp.o[0m
[3.868s] [ 21%] [32mBuilding CXX object CMakeFiles/turtlesim__rosidl_typesupport_cpp.dir/rosidl_typesupport_cpp/turtlesim/msg/pose__type_support.cpp.o[0m
[3.868s] [ 23%] [32mBuilding CXX object CMakeFiles/turtlesim__rosidl_typesupport_cpp.dir/rosidl_typesupport_cpp/turtlesim/srv/teleport_absolute__type_support.cpp.o[0m
[3.878s] [ 24%] [32mBuilding CXX object CMakeFiles/turtlesim__rosidl_typesupport_cpp.dir/rosidl_typesupport_cpp/turtlesim/srv/set_pen__type_support.cpp.o[0m
[4.188s] [ 25%] [32mBuilding CXX object CMakeFiles/turtlesim__rosidl_typesupport_introspection_cpp.dir/rosidl_typesupport_introspection_cpp/turtlesim/action/detail/rotate_absolute__type_support.cpp.o[0m
[4.246s] [ 27%] [32mBuilding CXX object CMakeFiles/turtlesim__rosidl_typesupport_introspection_cpp.dir/rosidl_typesupport_introspection_cpp/turtlesim/msg/detail/color__type_support.cpp.o[0m
[4.248s] [ 27%] [32mBuilding CXX object CMakeFiles/turtlesim__rosidl_typesupport_cpp.dir/rosidl_typesupport_cpp/turtlesim/srv/teleport_relative__type_support.cpp.o[0m
[4.255s] [ 28%] [32mBuilding CXX object CMakeFiles/turtlesim__rosidl_typesupport_introspection_cpp.dir/rosidl_typesupport_introspection_cpp/turtlesim/msg/detail/pose__type_support.cpp.o[0m
[4.260s] [ 29%] [32mBuilding CXX object CMakeFiles/turtlesim__rosidl_typesupport_introspection_cpp.dir/rosidl_typesupport_introspection_cpp/turtlesim/srv/detail/kill__type_support.cpp.o[0m
[4.263s] [ 30%] [32mBuilding CXX object CMakeFiles/turtlesim__rosidl_typesupport_introspection_cpp.dir/rosidl_typesupport_introspection_cpp/turtlesim/srv/detail/set_pen__type_support.cpp.o[0m
[4.266s] [ 31%] [32mBuilding CXX object CMakeFiles/turtlesim__rosidl_typesupport_introspection_cpp.dir/rosidl_typesupport_introspection_cpp/turtlesim/srv/detail/spawn__type_support.cpp.o[0m
[4.390s] [ 32%] [32mBuilding CXX object CMakeFiles/turtlesim__rosidl_typesupport_fastrtps_cpp.dir/rosidl_typesupport_fastrtps_cpp/turtlesim/action/detail/dds_fastrtps/rotate_absolute__type_support.cpp.o[0m
[4.399s] [ 33%] [32mBuilding CXX object CMakeFiles/turtlesim__rosidl_typesupport_c.dir/rosidl_typesupport_c/turtlesim/action/rotate_absolute__type_support.cpp.o[0m
[4.485s] [ 34%] [32mBuilding CXX object CMakeFiles/turtlesim__rosidl_typesupport_c.dir/rosidl_typesupport_c/turtlesim/msg/color__type_support.cpp.o[0m
[4.520s] [ 35%] [32mBuilding CXX object CMakeFiles/turtlesim__rosidl_typesupport_fastrtps_cpp.dir/rosidl_typesupport_fastrtps_cpp/turtlesim/msg/detail/dds_fastrtps/color__type_support.cpp.o[0m
[4.544s] [ 36%] [32mBuilding CXX object CMakeFiles/turtlesim__rosidl_typesupport_c.dir/rosidl_typesupport_c/turtlesim/msg/pose__type_support.cpp.o[0m
[4.559s] [ 37%] [32m[1mLinking CXX shared library libturtlesim__rosidl_typesupport_cpp.so[0m
[4.597s] [ 38%] [32mBuilding CXX object CMakeFiles/turtlesim__rosidl_typesupport_c.dir/rosidl_typesupport_c/turtlesim/srv/kill__type_support.cpp.o[0m
[4.655s] [ 39%] [32mBuilding CXX object CMakeFiles/turtlesim__rosidl_typesupport_c.dir/rosidl_typesupport_c/turtlesim/srv/set_pen__type_support.cpp.o[0m
[4.656s] [ 39%] Built target turtlesim__rosidl_typesupport_cpp
[4.689s] [ 40%] [32mBuilding C object CMakeFiles/turtlesim__rosidl_typesupport_introspection_c.dir/rosidl_typesupport_introspection_c/turtlesim/action/detail/rotate_absolute__type_support.c.o[0m
[4.700s] [ 41%] [34m[1mGenerating include/turtlesim/moc_turtle_frame.cpp[0m
[4.707s] [ 42%] [32mBuilding CXX object CMakeFiles/turtlesim__rosidl_typesupport_c.dir/rosidl_typesupport_c/turtlesim/srv/spawn__type_support.cpp.o[0m
[4.712s] [ 43%] [32mBuilding CXX object CMakeFiles/turtlesim__rosidl_typesupport_c.dir/rosidl_typesupport_c/turtlesim/srv/teleport_absolute__type_support.cpp.o[0m
[4.722s] [ 44%] [32mBuilding CXX object CMakeFiles/turtlesim__rosidl_typesupport_c.dir/rosidl_typesupport_c/turtlesim/srv/teleport_relative__type_support.cpp.o[0m
[4.736s] [ 45%] [32mBuilding CXX object CMakeFiles/turtlesim__rosidl_typesupport_introspection_cpp.dir/rosidl_typesupport_introspection_cpp/turtlesim/srv/detail/teleport_absolute__type_support.cpp.o[0m
[4.739s] [ 46%] [32mBuilding C object CMakeFiles/turtlesim__rosidl_typesupport_introspection_c.dir/rosidl_typesupport_introspection_c/turtlesim/msg/detail/color__type_support.c.o[0m
[4.763s] [ 47%] [32mBuilding C object CMakeFiles/turtlesim__rosidl_typesupport_introspection_c.dir/rosidl_typesupport_introspection_c/turtlesim/msg/detail/pose__type_support.c.o[0m
[4.767s] [ 48%] [32mBuilding C object CMakeFiles/turtlesim__rosidl_typesupport_introspection_c.dir/rosidl_typesupport_introspection_c/turtlesim/srv/detail/kill__type_support.c.o[0m
[4.770s] [ 49%] [32mBuilding CXX object CMakeFiles/turtlesim__rosidl_typesupport_introspection_cpp.dir/rosidl_typesupport_introspection_cpp/turtlesim/srv/detail/teleport_relative__type_support.cpp.o[0m
[4.771s] [ 50%] [32mBuilding C object CMakeFiles/turtlesim__rosidl_typesupport_introspection_c.dir/rosidl_typesupport_introspection_c/turtlesim/srv/detail/set_pen__type_support.c.o[0m
[4.784s] [ 51%] [32m[1mLinking CXX shared library libturtlesim__rosidl_typesupport_c.so[0m
[4.801s] [ 52%] [32mBuilding CXX object CMakeFiles/turtlesim__rosidl_typesupport_fastrtps_c.dir/rosidl_typesupport_fastrtps_c/turtlesim/action/detail/rotate_absolute__type_support_c.cpp.o[0m
[4.816s] [ 53%] [32mBuilding C object CMakeFiles/turtlesim__rosidl_typesupport_introspection_c.dir/rosidl_typesupport_introspection_c/turtlesim/srv/detail/spawn__type_support.c.o[0m
[4.821s] [ 54%] [32mBuilding C object CMakeFiles/turtlesim__rosidl_typesupport_introspection_c.dir/rosidl_typesupport_introspection_c/turtlesim/srv/detail/teleport_absolute__type_support.c.o[0m
[4.822s] [ 55%] [32mBuilding CXX object CMakeFiles/turtle_teleop_key.dir/tutorials/teleop_turtle_key.cpp.o[0m
[4.833s] [ 56%] [32mBuilding C object CMakeFiles/turtlesim__rosidl_typesupport_introspection_c.dir/rosidl_typesupport_introspection_c/turtlesim/srv/detail/teleport_relative__type_support.c.o[0m
[4.848s] [ 57%] [32mBuilding CXX object CMakeFiles/turtlesim_node.dir/src/turtlesim.cpp.o[0m
[4.875s] [ 57%] Built target turtlesim__rosidl_typesupport_c
[4.886s] [ 58%] [32mBuilding CXX object CMakeFiles/draw_square.dir/tutorials/draw_square.cpp.o[0m
[4.896s] [ 59%] [32mBuilding CXX object CMakeFiles/turtlesim__rosidl_typesupport_fastrtps_cpp.dir/rosidl_typesupport_fastrtps_cpp/turtlesim/msg/detail/dds_fastrtps/pose__type_support.cpp.o[0m
[4.900s] [ 60%] [32mBuilding CXX object CMakeFiles/turtlesim_node.dir/src/turtle.cpp.o[0m
[4.904s] [ 61%] [32m[1mLinking C shared library libturtlesim__rosidl_typesupport_introspection_c.so[0m
[4.915s] [ 62%] [32mBuilding CXX object CMakeFiles/mimic.dir/tutorials/mimic.cpp.o[0m
[4.977s] [ 63%] [32mBuilding CXX object CMakeFiles/turtlesim__rosidl_typesupport_fastrtps_cpp.dir/rosidl_typesupport_fastrtps_cpp/turtlesim/srv/detail/dds_fastrtps/kill__type_support.cpp.o[0m
[4.992s] [ 63%] Built target turtlesim__rosidl_typesupport_introspection_c
[5.009s] [ 64%] [32mBuilding CXX object CMakeFiles/turtlesim_node.dir/src/turtle_frame.cpp.o[0m
[5.076s] [ 65%] [32mBuilding CXX object CMakeFiles/turtlesim__rosidl_typesupport_fastrtps_cpp.dir/rosidl_typesupport_fastrtps_cpp/turtlesim/srv/detail/dds_fastrtps/set_pen__type_support.cpp.o[0m
[5.200s] [ 66%] [32m[1mLinking CXX shared library libturtlesim__rosidl_typesupport_introspection_cpp.so[0m
[5.208s] [ 67%] [32mBuilding CXX object CMakeFiles/turtlesim__rosidl_typesupport_fastrtps_cpp.dir/rosidl_typesupport_fastrtps_cpp/turtlesim/srv/detail/dds_fastrtps/spawn__type_support.cpp.o[0m
[5.237s] [ 68%] [32mBuilding CXX object CMakeFiles/turtlesim__rosidl_typesupport_fastrtps_c.dir/rosidl_typesupport_fastrtps_c/turtlesim/msg/detail/color__type_support_c.cpp.o[0m
[5.329s] [ 68%] Built target turtlesim__rosidl_typesupport_introspection_cpp
[5.340s] [ 69%] [32mBuilding CXX object CMakeFiles/turtlesim__rosidl_typesupport_fastrtps_cpp.dir/rosidl_typesupport_fastrtps_cpp/turtlesim/srv/detail/dds_fastrtps/teleport_absolute__type_support.cpp.o[0m
[5.343s] [ 70%] [32mBuilding CXX object CMakeFiles/turtlesim__rosidl_typesupport_fastrtps_cpp.dir/rosidl_typesupport_fastrtps_cpp/turtlesim/srv/detail/dds_fastrtps/teleport_relative__type_support.cpp.o[0m
[5.425s] [ 71%] [32mBuilding CXX object CMakeFiles/turtlesim__rosidl_typesupport_fastrtps_c.dir/rosidl_typesupport_fastrtps_c/turtlesim/msg/detail/pose__type_support_c.cpp.o[0m
[5.542s] [ 72%] [32mBuilding CXX object CMakeFiles/turtlesim__rosidl_typesupport_fastrtps_c.dir/rosidl_typesupport_fastrtps_c/turtlesim/srv/detail/kill__type_support_c.cpp.o[0m
[5.651s] [ 73%] [32mBuilding CXX object CMakeFiles/turtlesim__rosidl_typesupport_fastrtps_c.dir/rosidl_typesupport_fastrtps_c/turtlesim/srv/detail/set_pen__type_support_c.cpp.o[0m
[5.742s] [ 74%] [32mBuilding CXX object CMakeFiles/turtlesim_node.dir/include/turtlesim/moc_turtle_frame.cpp.o[0m
[5.847s] [ 75%] [32mBuilding CXX object CMakeFiles/turtlesim__rosidl_typesupport_fastrtps_c.dir/rosidl_typesupport_fastrtps_c/turtlesim/srv/detail/spawn__type_support_c.cpp.o[0m
[5.854s] [ 76%] [32m[1mLinking CXX shared library libturtlesim__rosidl_typesupport_fastrtps_cpp.so[0m
[5.880s] [ 77%] [32mBuilding CXX object CMakeFiles/turtlesim__rosidl_typesupport_fastrtps_c.dir/rosidl_typesupport_fastrtps_c/turtlesim/srv/detail/teleport_absolute__type_support_c.cpp.o[0m
[5.998s] [ 78%] [32mBuilding CXX object CMakeFiles/turtlesim__rosidl_typesupport_fastrtps_c.dir/rosidl_typesupport_fastrtps_c/turtlesim/srv/detail/teleport_relative__type_support_c.cpp.o[0m
[6.143s] [ 78%] Built target turtlesim__rosidl_typesupport_fastrtps_cpp
[6.405s] [ 79%] [32m[1mLinking CXX shared library libturtlesim__rosidl_typesupport_fastrtps_c.so[0m
[6.519s] [ 79%] Built target turtlesim__rosidl_typesupport_fastrtps_c
[6.545s] [ 79%] Built target turtlesim
[6.568s] [ 80%] [34m[1mGenerating Python code for ROS interfaces[0m
[8.189s] [ 80%] Built target turtlesim__py
[8.236s] [ 81%] [32mBuilding C object CMakeFiles/turtlesim__rosidl_generator_py.dir/rosidl_generator_py/turtlesim/action/_rotate_absolute_s.c.o[0m
[8.238s] [ 82%] [32mBuilding C object CMakeFiles/turtlesim__rosidl_generator_py.dir/rosidl_generator_py/turtlesim/msg/_pose_s.c.o[0m
[8.243s] [ 83%] [32mBuilding C object CMakeFiles/turtlesim__rosidl_generator_py.dir/rosidl_generator_py/turtlesim/msg/_color_s.c.o[0m
[8.250s] [ 84%] [32mBuilding C object CMakeFiles/turtlesim__rosidl_generator_py.dir/rosidl_generator_py/turtlesim/srv/_kill_s.c.o[0m
[8.270s] [ 85%] [32mBuilding C object CMakeFiles/turtlesim__rosidl_generator_py.dir/rosidl_generator_py/turtlesim/srv/_set_pen_s.c.o[0m
[8.466s] [ 86%] [32mBuilding C object CMakeFiles/turtlesim__rosidl_generator_py.dir/rosidl_generator_py/turtlesim/srv/_teleport_relative_s.c.o[0m
[8.468s] [ 87%] [32mBuilding C object CMakeFiles/turtlesim__rosidl_generator_py.dir/rosidl_generator_py/turtlesim/srv/_teleport_absolute_s.c.o[0m
[8.471s] [ 88%] [32mBuilding C object CMakeFiles/turtlesim__rosidl_generator_py.dir/rosidl_generator_py/turtlesim/srv/_spawn_s.c.o[0m
[8.631s] [ 89%] [32m[1mLinking C shared library rosidl_generator_py/turtlesim/libturtlesim__rosidl_generator_py.so[0m
[8.699s] [ 89%] Built target turtlesim__rosidl_generator_py
[8.742s] [ 90%] [32mBuilding C object CMakeFiles/turtlesim__rosidl_typesupport_fastrtps_c__pyext.dir/rosidl_generator_py/turtlesim/_turtlesim_s.ep.rosidl_typesupport_fastrtps_c.c.o[0m
[8.742s] [ 91%] [32mBuilding C object CMakeFiles/turtlesim__rosidl_typesupport_introspection_c__pyext.dir/rosidl_generator_py/turtlesim/_turtlesim_s.ep.rosidl_typesupport_introspection_c.c.o[0m
[8.756s] [ 92%] [32mBuilding C object CMakeFiles/turtlesim__rosidl_typesupport_c__pyext.dir/rosidl_generator_py/turtlesim/_turtlesim_s.ep.rosidl_typesupport_c.c.o[0m
[8.972s] [ 93%] [32m[1mLinking C shared library rosidl_generator_py/turtlesim/turtlesim_s__rosidl_typesupport_fastrtps_c.cpython-310-x86_64-linux-gnu.so[0m
[8.986s] [ 94%] [32m[1mLinking C shared library rosidl_generator_py/turtlesim/turtlesim_s__rosidl_typesupport_c.cpython-310-x86_64-linux-gnu.so[0m
[8.995s] [ 95%] [32m[1mLinking C shared library rosidl_generator_py/turtlesim/turtlesim_s__rosidl_typesupport_introspection_c.cpython-310-x86_64-linux-gnu.so[0m
[9.037s] [ 95%] Built target turtlesim__rosidl_typesupport_fastrtps_c__pyext
[9.050s] [ 95%] Built target turtlesim__rosidl_typesupport_introspection_c__pyext
[9.070s] [ 95%] Built target turtlesim__rosidl_typesupport_c__pyext
[11.757s] [ 96%] [32m[1mLinking CXX executable turtle_teleop_key[0m
[12.038s] [ 96%] Built target turtle_teleop_key
[13.462s] [ 97%] [32m[1mLinking CXX executable mimic[0m
[13.796s] [ 98%] [32m[1mLinking CXX executable draw_square[0m
[13.829s] [ 98%] Built target mimic
[14.208s] [ 98%] Built target draw_square
[16.728s] [100%] [32m[1mLinking CXX executable turtlesim_node[0m
[18.950s] [100%] Built target turtlesim_node
[18.967s] Invoked command in '/home/aoof/Desktop/Coding/SpaceConcordia/ws_t1/build/turtlesim' returned '0': CMAKE_PREFIX_PATH=/opt/ros/humble /usr/bin/cmake --build /home/aoof/Desktop/Coding/SpaceConcordia/ws_t1/build/turtlesim -- -j12 -l12
[19.170s] Invoking command in '/home/aoof/Desktop/Coding/SpaceConcordia/ws_t1/build/turtlesim': CMAKE_PREFIX_PATH=/opt/ros/humble /usr/bin/cmake --install /home/aoof/Desktop/Coding/SpaceConcordia/ws_t1/build/turtlesim
[19.179s] -- Install configuration: ""
[19.179s] -- Installing: /home/aoof/Desktop/Coding/SpaceConcordia/ws_t1/install/turtlesim/share/ament_index/resource_index/rosidl_interfaces/turtlesim
[19.180s] -- Installing: /home/aoof/Desktop/Coding/SpaceConcordia/ws_t1/install/turtlesim/include/turtlesim/turtlesim
[19.180s] -- Installing: /home/aoof/Desktop/Coding/SpaceConcordia/ws_t1/install/turtlesim/include/turtlesim/turtlesim/action
[19.180s] -- Installing: /home/aoof/Desktop/Coding/SpaceConcordia/ws_t1/install/turtlesim/include/turtlesim/turtlesim/action/detail
[19.180s] -- Installing: /home/aoof/Desktop/Coding/SpaceConcordia/ws_t1/install/turtlesim/include/turtlesim/turtlesim/action/detail/rotate_absolute__type_support.h
[19.180s] -- Installing: /home/aoof/Desktop/Coding/SpaceConcordia/ws_t1/install/turtlesim/include/turtlesim/turtlesim/action/detail/rotate_absolute__struct.h
[19.181s] -- Installing: /home/aoof/Desktop/Coding/SpaceConcordia/ws_t1/install/turtlesim/include/turtlesim/turtlesim/action/detail/rotate_absolute__functions.c
[19.181s] -- Installing: /home/aoof/Desktop/Coding/SpaceConcordia/ws_t1/install/turtlesim/include/turtlesim/turtlesim/action/detail/rotate_absolute__functions.h
[19.181s] -- Installing: /home/aoof/Desktop/Coding/SpaceConcordia/ws_t1/install/turtlesim/include/turtlesim/turtlesim/action/rotate_absolute.h
[19.181s] -- Installing: /home/aoof/Desktop/Coding/SpaceConcordia/ws_t1/install/turtlesim/include/turtlesim/turtlesim/msg
[19.181s] -- Installing: /home/aoof/Desktop/Coding/SpaceConcordia/ws_t1/install/turtlesim/include/turtlesim/turtlesim/msg/detail
[19.182s] -- Installing: /home/aoof/Desktop/Coding/SpaceConcordia/ws_t1/install/turtlesim/include/turtlesim/turtlesim/msg/detail/color__struct.h
[19.182s] -- Installing: /home/aoof/Desktop/Coding/SpaceConcordia/ws_t1/install/turtlesim/include/turtlesim/turtlesim/msg/detail/pose__functions.c
[19.182s] -- Installing: /home/aoof/Desktop/Coding/SpaceConcordia/ws_t1/install/turtlesim/include/turtlesim/turtlesim/msg/detail/pose__type_support.h
[19.182s] -- Installing: /home/aoof/Desktop/Coding/SpaceConcordia/ws_t1/install/turtlesim/include/turtlesim/turtlesim/msg/detail/pose__functions.h
[19.182s] -- Installing: /home/aoof/Desktop/Coding/SpaceConcordia/ws_t1/install/turtlesim/include/turtlesim/turtlesim/msg/detail/pose__struct.h
[19.182s] -- Installing: /home/aoof/Desktop/Coding/SpaceConcordia/ws_t1/install/turtlesim/include/turtlesim/turtlesim/msg/detail/color__type_support.h
[19.183s] -- Installing: /home/aoof/Desktop/Coding/SpaceConcordia/ws_t1/install/turtlesim/include/turtlesim/turtlesim/msg/detail/color__functions.c
[19.183s] -- Installing: /home/aoof/Desktop/Coding/SpaceConcordia/ws_t1/install/turtlesim/include/turtlesim/turtlesim/msg/detail/color__functions.h
[19.183s] -- Installing: /home/aoof/Desktop/Coding/SpaceConcordia/ws_t1/install/turtlesim/include/turtlesim/turtlesim/msg/pose.h
[19.183s] -- Installing: /home/aoof/Desktop/Coding/SpaceConcordia/ws_t1/install/turtlesim/include/turtlesim/turtlesim/msg/color.h
[19.183s] -- Installing: /home/aoof/Desktop/Coding/SpaceConcordia/ws_t1/install/turtlesim/include/turtlesim/turtlesim/msg/rosidl_generator_c__visibility_control.h
[19.183s] -- Installing: /home/aoof/Desktop/Coding/SpaceConcordia/ws_t1/install/turtlesim/include/turtlesim/turtlesim/srv
[19.184s] -- Installing: /home/aoof/Desktop/Coding/SpaceConcordia/ws_t1/install/turtlesim/include/turtlesim/turtlesim/srv/spawn.h
[19.184s] -- Installing: /home/aoof/Desktop/Coding/SpaceConcordia/ws_t1/install/turtlesim/include/turtlesim/turtlesim/srv/detail
[19.184s] -- Installing: /home/aoof/Desktop/Coding/SpaceConcordia/ws_t1/install/turtlesim/include/turtlesim/turtlesim/srv/detail/teleport_absolute__functions.h
[19.184s] -- Installing: /home/aoof/Desktop/Coding/SpaceConcordia/ws_t1/install/turtlesim/include/turtlesim/turtlesim/srv/detail/kill__struct.h
[19.184s] -- Installing: /home/aoof/Desktop/Coding/SpaceConcordia/ws_t1/install/turtlesim/include/turtlesim/turtlesim/srv/detail/set_pen__functions.c
[19.184s] -- Installing: /home/aoof/Desktop/Coding/SpaceConcordia/ws_t1/install/turtlesim/include/turtlesim/turtlesim/srv/detail/kill__type_support.h
[19.185s] -- Installing: /home/aoof/Desktop/Coding/SpaceConcordia/ws_t1/install/turtlesim/include/turtlesim/turtlesim/srv/detail/spawn__type_support.h
[19.185s] -- Installing: /home/aoof/Desktop/Coding/SpaceConcordia/ws_t1/install/turtlesim/include/turtlesim/turtlesim/srv/detail/teleport_relative__struct.h
[19.185s] -- Installing: /home/aoof/Desktop/Coding/SpaceConcordia/ws_t1/install/turtlesim/include/turtlesim/turtlesim/srv/detail/teleport_absolute__type_support.h
[19.185s] -- Installing: /home/aoof/Desktop/Coding/SpaceConcordia/ws_t1/install/turtlesim/include/turtlesim/turtlesim/srv/detail/teleport_absolute__struct.h
[19.185s] -- Installing: /home/aoof/Desktop/Coding/SpaceConcordia/ws_t1/install/turtlesim/include/turtlesim/turtlesim/srv/detail/set_pen__functions.h
[19.186s] -- Installing: /home/aoof/Desktop/Coding/SpaceConcordia/ws_t1/install/turtlesim/include/turtlesim/turtlesim/srv/detail/spawn__functions.h
[19.186s] -- Installing: /home/aoof/Desktop/Coding/SpaceConcordia/ws_t1/install/turtlesim/include/turtlesim/turtlesim/srv/detail/kill__functions.c
[19.186s] -- Installing: /home/aoof/Desktop/Coding/SpaceConcordia/ws_t1/install/turtlesim/include/turtlesim/turtlesim/srv/detail/set_pen__type_support.h
[19.186s] -- Installing: /home/aoof/Desktop/Coding/SpaceConcordia/ws_t1/install/turtlesim/include/turtlesim/turtlesim/srv/detail/teleport_relative__type_support.h
[19.186s] -- Installing: /home/aoof/Desktop/Coding/SpaceConcordia/ws_t1/install/turtlesim/include/turtlesim/turtlesim/srv/detail/kill__functions.h
[19.186s] -- Installing: /home/aoof/Desktop/Coding/SpaceConcordia/ws_t1/install/turtlesim/include/turtlesim/turtlesim/srv/detail/set_pen__struct.h
[19.187s] -- Installing: /home/aoof/Desktop/Coding/SpaceConcordia/ws_t1/install/turtlesim/include/turtlesim/turtlesim/srv/detail/teleport_absolute__functions.c
[19.187s] -- Installing: /home/aoof/Desktop/Coding/SpaceConcordia/ws_t1/install/turtlesim/include/turtlesim/turtlesim/srv/detail/spawn__functions.c
[19.187s] -- Installing: /home/aoof/Desktop/Coding/SpaceConcordia/ws_t1/install/turtlesim/include/turtlesim/turtlesim/srv/detail/teleport_relative__functions.c
[19.187s] -- Installing: /home/aoof/Desktop/Coding/SpaceConcordia/ws_t1/install/turtlesim/include/turtlesim/turtlesim/srv/detail/teleport_relative__functions.h
[19.187s] -- Installing: /home/aoof/Desktop/Coding/SpaceConcordia/ws_t1/install/turtlesim/include/turtlesim/turtlesim/srv/detail/spawn__struct.h
[19.188s] -- Installing: /home/aoof/Desktop/Coding/SpaceConcordia/ws_t1/install/turtlesim/include/turtlesim/turtlesim/srv/kill.h
[19.188s] -- Installing: /home/aoof/Desktop/Coding/SpaceConcordia/ws_t1/install/turtlesim/include/turtlesim/turtlesim/srv/teleport_absolute.h
[19.188s] -- Installing: /home/aoof/Desktop/Coding/SpaceConcordia/ws_t1/install/turtlesim/include/turtlesim/turtlesim/srv/teleport_relative.h
[19.188s] -- Installing: /home/aoof/Desktop/Coding/SpaceConcordia/ws_t1/install/turtlesim/include/turtlesim/turtlesim/srv/set_pen.h
[19.188s] -- Installing: /home/aoof/Desktop/Coding/SpaceConcordia/ws_t1/install/turtlesim/share/turtlesim/environment/library_path.sh
[19.189s] -- Installing: /home/aoof/Desktop/Coding/SpaceConcordia/ws_t1/install/turtlesim/share/turtlesim/environment/library_path.dsv
[19.189s] -- Installing: /home/aoof/Desktop/Coding/SpaceConcordia/ws_t1/install/turtlesim/lib/libturtlesim__rosidl_generator_c.so
[19.190s] -- Set runtime path of "/home/aoof/Desktop/Coding/SpaceConcordia/ws_t1/install/turtlesim/lib/libturtlesim__rosidl_generator_c.so" to ""
[19.190s] -- Up-to-date: /home/aoof/Desktop/Coding/SpaceConcordia/ws_t1/install/turtlesim/include/turtlesim/turtlesim
[19.190s] -- Up-to-date: /home/aoof/Desktop/Coding/SpaceConcordia/ws_t1/install/turtlesim/include/turtlesim/turtlesim/action
[19.190s] -- Up-to-date: /home/aoof/Desktop/Coding/SpaceConcordia/ws_t1/install/turtlesim/include/turtlesim/turtlesim/action/detail
[19.190s] -- Installing: /home/aoof/Desktop/Coding/SpaceConcordia/ws_t1/install/turtlesim/include/turtlesim/turtlesim/action/detail/rotate_absolute__rosidl_typesupport_fastrtps_c.h
[19.190s] -- Up-to-date: /home/aoof/Desktop/Coding/SpaceConcordia/ws_t1/install/turtlesim/include/turtlesim/turtlesim/msg
[19.190s] -- Up-to-date: /home/aoof/Desktop/Coding/SpaceConcordia/ws_t1/install/turtlesim/include/turtlesim/turtlesim/msg/detail
[19.190s] -- Installing: /home/aoof/Desktop/Coding/SpaceConcordia/ws_t1/install/turtlesim/include/turtlesim/turtlesim/msg/detail/color__rosidl_typesupport_fastrtps_c.h
[19.190s] -- Installing: /home/aoof/Desktop/Coding/SpaceConcordia/ws_t1/install/turtlesim/include/turtlesim/turtlesim/msg/detail/pose__rosidl_typesupport_fastrtps_c.h
[19.191s] -- Installing: /home/aoof/Desktop/Coding/SpaceConcordia/ws_t1/install/turtlesim/include/turtlesim/turtlesim/msg/rosidl_typesupport_fastrtps_c__visibility_control.h
[19.191s] -- Up-to-date: /home/aoof/Desktop/Coding/SpaceConcordia/ws_t1/install/turtlesim/include/turtlesim/turtlesim/srv
[19.191s] -- Up-to-date: /home/aoof/Desktop/Coding/SpaceConcordia/ws_t1/install/turtlesim/include/turtlesim/turtlesim/srv/detail
[19.191s] -- Installing: /home/aoof/Desktop/Coding/SpaceConcordia/ws_t1/install/turtlesim/include/turtlesim/turtlesim/srv/detail/set_pen__rosidl_typesupport_fastrtps_c.h
[19.191s] -- Installing: /home/aoof/Desktop/Coding/SpaceConcordia/ws_t1/install/turtlesim/include/turtlesim/turtlesim/srv/detail/spawn__rosidl_typesupport_fastrtps_c.h
[19.191s] -- Installing: /home/aoof/Desktop/Coding/SpaceConcordia/ws_t1/install/turtlesim/include/turtlesim/turtlesim/srv/detail/teleport_relative__rosidl_typesupport_fastrtps_c.h
[19.191s] -- Installing: /home/aoof/Desktop/Coding/SpaceConcordia/ws_t1/install/turtlesim/include/turtlesim/turtlesim/srv/detail/teleport_absolute__rosidl_typesupport_fastrtps_c.h
[19.192s] -- Installing: /home/aoof/Desktop/Coding/SpaceConcordia/ws_t1/install/turtlesim/include/turtlesim/turtlesim/srv/detail/kill__rosidl_typesupport_fastrtps_c.h
[19.192s] -- Installing: /home/aoof/Desktop/Coding/SpaceConcordia/ws_t1/install/turtlesim/lib/libturtlesim__rosidl_typesupport_fastrtps_c.so
[19.192s] -- Set runtime path of "/home/aoof/Desktop/Coding/SpaceConcordia/ws_t1/install/turtlesim/lib/libturtlesim__rosidl_typesupport_fastrtps_c.so" to ""
[19.192s] -- Up-to-date: /home/aoof/Desktop/Coding/SpaceConcordia/ws_t1/install/turtlesim/include/turtlesim/turtlesim
[19.193s] -- Up-to-date: /home/aoof/Desktop/Coding/SpaceConcordia/ws_t1/install/turtlesim/include/turtlesim/turtlesim/action
[19.193s] -- Up-to-date: /home/aoof/Desktop/Coding/SpaceConcordia/ws_t1/install/turtlesim/include/turtlesim/turtlesim/action/detail
[19.193s] -- Installing: /home/aoof/Desktop/Coding/SpaceConcordia/ws_t1/install/turtlesim/include/turtlesim/turtlesim/action/detail/rotate_absolute__traits.hpp
[19.193s] -- Installing: /home/aoof/Desktop/Coding/SpaceConcordia/ws_t1/install/turtlesim/include/turtlesim/turtlesim/action/detail/rotate_absolute__struct.hpp
[19.193s] -- Installing: /home/aoof/Desktop/Coding/SpaceConcordia/ws_t1/install/turtlesim/include/turtlesim/turtlesim/action/detail/rotate_absolute__builder.hpp
[19.193s] -- Installing: /home/aoof/Desktop/Coding/SpaceConcordia/ws_t1/install/turtlesim/include/turtlesim/turtlesim/action/rotate_absolute.hpp
[19.193s] -- Up-to-date: /home/aoof/Desktop/Coding/SpaceConcordia/ws_t1/install/turtlesim/include/turtlesim/turtlesim/msg
[19.193s] -- Installing: /home/aoof/Desktop/Coding/SpaceConcordia/ws_t1/install/turtlesim/include/turtlesim/turtlesim/msg/color.hpp
[19.194s] -- Installing: /home/aoof/Desktop/Coding/SpaceConcordia/ws_t1/install/turtlesim/include/turtlesim/turtlesim/msg/pose.hpp
[19.194s] -- Up-to-date: /home/aoof/Desktop/Coding/SpaceConcordia/ws_t1/install/turtlesim/include/turtlesim/turtlesim/msg/detail
[19.194s] -- Installing: /home/aoof/Desktop/Coding/SpaceConcordia/ws_t1/install/turtlesim/include/turtlesim/turtlesim/msg/detail/color__traits.hpp
[19.194s] -- Installing: /home/aoof/Desktop/Coding/SpaceConcordia/ws_t1/install/turtlesim/include/turtlesim/turtlesim/msg/detail/pose__builder.hpp
[19.194s] -- Installing: /home/aoof/Desktop/Coding/SpaceConcordia/ws_t1/install/turtlesim/include/turtlesim/turtlesim/msg/detail/color__struct.hpp
[19.194s] -- Installing: /home/aoof/Desktop/Coding/SpaceConcordia/ws_t1/install/turtlesim/include/turtlesim/turtlesim/msg/detail/pose__struct.hpp
[19.194s] -- Installing: /home/aoof/Desktop/Coding/SpaceConcordia/ws_t1/install/turtlesim/include/turtlesim/turtlesim/msg/detail/color__builder.hpp
[19.195s] -- Installing: /home/aoof/Desktop/Coding/SpaceConcordia/ws_t1/install/turtlesim/include/turtlesim/turtlesim/msg/detail/pose__traits.hpp
[19.195s] -- Up-to-date: /home/aoof/Desktop/Coding/SpaceConcordia/ws_t1/install/turtlesim/include/turtlesim/turtlesim/srv
[19.195s] -- Installing: /home/aoof/Desktop/Coding/SpaceConcordia/ws_t1/install/turtlesim/include/turtlesim/turtlesim/srv/spawn.hpp
[19.195s] -- Installing: /home/aoof/Desktop/Coding/SpaceConcordia/ws_t1/install/turtlesim/include/turtlesim/turtlesim/srv/kill.hpp
[19.195s] -- Installing: /home/aoof/Desktop/Coding/SpaceConcordia/ws_t1/install/turtlesim/include/turtlesim/turtlesim/srv/teleport_relative.hpp
[19.195s] -- Installing: /home/aoof/Desktop/Coding/SpaceConcordia/ws_t1/install/turtlesim/include/turtlesim/turtlesim/srv/set_pen.hpp
[19.196s] -- Installing: /home/aoof/Desktop/Coding/SpaceConcordia/ws_t1/install/turtlesim/include/turtlesim/turtlesim/srv/teleport_absolute.hpp
[19.196s] -- Up-to-date: /home/aoof/Desktop/Coding/SpaceConcordia/ws_t1/install/turtlesim/include/turtlesim/turtlesim/srv/detail
[19.196s] -- Installing: /home/aoof/Desktop/Coding/SpaceConcordia/ws_t1/install/turtlesim/include/turtlesim/turtlesim/srv/detail/teleport_relative__builder.hpp
[19.196s] -- Installing: /home/aoof/Desktop/Coding/SpaceConcordia/ws_t1/install/turtlesim/include/turtlesim/turtlesim/srv/detail/teleport_relative__struct.hpp
[19.196s] -- Installing: /home/aoof/Desktop/Coding/SpaceConcordia/ws_t1/install/turtlesim/include/turtlesim/turtlesim/srv/detail/set_pen__builder.hpp
[19.196s] -- Installing: /home/aoof/Desktop/Coding/SpaceConcordia/ws_t1/install/turtlesim/include/turtlesim/turtlesim/srv/detail/set_pen__traits.hpp
[19.197s] -- Installing: /home/aoof/Desktop/Coding/SpaceConcordia/ws_t1/install/turtlesim/include/turtlesim/turtlesim/srv/detail/set_pen__struct.hpp
[19.197s] -- Installing: /home/aoof/Desktop/Coding/SpaceConcordia/ws_t1/install/turtlesim/include/turtlesim/turtlesim/srv/detail/teleport_absolute__builder.hpp
[19.197s] -- Installing: /home/aoof/Desktop/Coding/SpaceConcordia/ws_t1/install/turtlesim/include/turtlesim/turtlesim/srv/detail/kill__traits.hpp
[19.198s] -- Installing: /home/aoof/Desktop/Coding/SpaceConcordia/ws_t1/install/turtlesim/include/turtlesim/turtlesim/srv/detail/kill__builder.hpp
[19.198s] -- Installing: /home/aoof/Desktop/Coding/SpaceConcordia/ws_t1/install/turtlesim/include/turtlesim/turtlesim/srv/detail/teleport_relative__traits.hpp
[19.198s] -- Installing: /home/aoof/Desktop/Coding/SpaceConcordia/ws_t1/install/turtlesim/include/turtlesim/turtlesim/srv/detail/teleport_absolute__struct.hpp
[19.198s] -- Installing: /home/aoof/Desktop/Coding/SpaceConcordia/ws_t1/install/turtlesim/include/turtlesim/turtlesim/srv/detail/spawn__traits.hpp
[19.198s] -- Installing: /home/aoof/Desktop/Coding/SpaceConcordia/ws_t1/install/turtlesim/include/turtlesim/turtlesim/srv/detail/teleport_absolute__traits.hpp
[19.198s] -- Installing: /home/aoof/Desktop/Coding/SpaceConcordia/ws_t1/install/turtlesim/include/turtlesim/turtlesim/srv/detail/kill__struct.hpp
[19.199s] -- Installing: /home/aoof/Desktop/Coding/SpaceConcordia/ws_t1/install/turtlesim/include/turtlesim/turtlesim/srv/detail/spawn__struct.hpp
[19.199s] -- Installing: /home/aoof/Desktop/Coding/SpaceConcordia/ws_t1/install/turtlesim/include/turtlesim/turtlesim/srv/detail/spawn__builder.hpp
[19.199s] -- Up-to-date: /home/aoof/Desktop/Coding/SpaceConcordia/ws_t1/install/turtlesim/include/turtlesim/turtlesim
[19.199s] -- Up-to-date: /home/aoof/Desktop/Coding/SpaceConcordia/ws_t1/install/turtlesim/include/turtlesim/turtlesim/action
[19.199s] -- Up-to-date: /home/aoof/Desktop/Coding/SpaceConcordia/ws_t1/install/turtlesim/include/turtlesim/turtlesim/action/detail
[19.199s] -- Installing: /home/aoof/Desktop/Coding/SpaceConcordia/ws_t1/install/turtlesim/include/turtlesim/turtlesim/action/detail/dds_fastrtps
[19.199s] -- Installing: /home/aoof/Desktop/Coding/SpaceConcordia/ws_t1/install/turtlesim/include/turtlesim/turtlesim/action/detail/rotate_absolute__rosidl_typesupport_fastrtps_cpp.hpp
[19.199s] -- Up-to-date: /home/aoof/Desktop/Coding/SpaceConcordia/ws_t1/install/turtlesim/include/turtlesim/turtlesim/msg
[19.200s] -- Up-to-date: /home/aoof/Desktop/Coding/SpaceConcordia/ws_t1/install/turtlesim/include/turtlesim/turtlesim/msg/detail
[19.200s] -- Installing: /home/aoof/Desktop/Coding/SpaceConcordia/ws_t1/install/turtlesim/include/turtlesim/turtlesim/msg/detail/dds_fastrtps
[19.200s] -- Installing: /home/aoof/Desktop/Coding/SpaceConcordia/ws_t1/install/turtlesim/include/turtlesim/turtlesim/msg/detail/color__rosidl_typesupport_fastrtps_cpp.hpp
[19.200s] -- Installing: /home/aoof/Desktop/Coding/SpaceConcordia/ws_t1/install/turtlesim/include/turtlesim/turtlesim/msg/detail/pose__rosidl_typesupport_fastrtps_cpp.hpp
[19.200s] -- Installing: /home/aoof/Desktop/Coding/SpaceConcordia/ws_t1/install/turtlesim/include/turtlesim/turtlesim/msg/rosidl_typesupport_fastrtps_cpp__visibility_control.h
[19.200s] -- Up-to-date: /home/aoof/Desktop/Coding/SpaceConcordia/ws_t1/install/turtlesim/include/turtlesim/turtlesim/srv
[19.200s] -- Up-to-date: /home/aoof/Desktop/Coding/SpaceConcordia/ws_t1/install/turtlesim/include/turtlesim/turtlesim/srv/detail
[19.200s] -- Installing: /home/aoof/Desktop/Coding/SpaceConcordia/ws_t1/install/turtlesim/include/turtlesim/turtlesim/srv/detail/dds_fastrtps
[19.200s] -- Installing: /home/aoof/Desktop/Coding/SpaceConcordia/ws_t1/install/turtlesim/include/turtlesim/turtlesim/srv/detail/teleport_relative__rosidl_typesupport_fastrtps_cpp.hpp
[19.201s] -- Installing: /home/aoof/Desktop/Coding/SpaceConcordia/ws_t1/install/turtlesim/include/turtlesim/turtlesim/srv/detail/kill__rosidl_typesupport_fastrtps_cpp.hpp
[19.201s] -- Installing: /home/aoof/Desktop/Coding/SpaceConcordia/ws_t1/install/turtlesim/include/turtlesim/turtlesim/srv/detail/spawn__rosidl_typesupport_fastrtps_cpp.hpp
[19.201s] -- Installing: /home/aoof/Desktop/Coding/SpaceConcordia/ws_t1/install/turtlesim/include/turtlesim/turtlesim/srv/detail/set_pen__rosidl_typesupport_fastrtps_cpp.hpp
[19.201s] -- Installing: /home/aoof/Desktop/Coding/SpaceConcordia/ws_t1/install/turtlesim/include/turtlesim/turtlesim/srv/detail/teleport_absolute__rosidl_typesupport_fastrtps_cpp.hpp
[19.201s] -- Installing: /home/aoof/Desktop/Coding/SpaceConcordia/ws_t1/install/turtlesim/lib/libturtlesim__rosidl_typesupport_fastrtps_cpp.so
[19.202s] -- Set runtime path of "/home/aoof/Desktop/Coding/SpaceConcordia/ws_t1/install/turtlesim/lib/libturtlesim__rosidl_typesupport_fastrtps_cpp.so" to ""
[19.202s] -- Up-to-date: /home/aoof/Desktop/Coding/SpaceConcordia/ws_t1/install/turtlesim/include/turtlesim/turtlesim
[19.202s] -- Up-to-date: /home/aoof/Desktop/Coding/SpaceConcordia/ws_t1/install/turtlesim/include/turtlesim/turtlesim/action
[19.202s] -- Up-to-date: /home/aoof/Desktop/Coding/SpaceConcordia/ws_t1/install/turtlesim/include/turtlesim/turtlesim/action/detail
[19.202s] -- Installing: /home/aoof/Desktop/Coding/SpaceConcordia/ws_t1/install/turtlesim/include/turtlesim/turtlesim/action/detail/rotate_absolute__type_support.c
[19.202s] -- Installing: /home/aoof/Desktop/Coding/SpaceConcordia/ws_t1/install/turtlesim/include/turtlesim/turtlesim/action/detail/rotate_absolute__rosidl_typesupport_introspection_c.h
[19.203s] -- Up-to-date: /home/aoof/Desktop/Coding/SpaceConcordia/ws_t1/install/turtlesim/include/turtlesim/turtlesim/msg
[19.203s] -- Up-to-date: /home/aoof/Desktop/Coding/SpaceConcordia/ws_t1/install/turtlesim/include/turtlesim/turtlesim/msg/detail
[19.203s] -- Installing: /home/aoof/Desktop/Coding/SpaceConcordia/ws_t1/install/turtlesim/include/turtlesim/turtlesim/msg/detail/pose__rosidl_typesupport_introspection_c.h
[19.203s] -- Installing: /home/aoof/Desktop/Coding/SpaceConcordia/ws_t1/install/turtlesim/include/turtlesim/turtlesim/msg/detail/color__type_support.c
[19.203s] -- Installing: /home/aoof/Desktop/Coding/SpaceConcordia/ws_t1/install/turtlesim/include/turtlesim/turtlesim/msg/detail/color__rosidl_typesupport_introspection_c.h
[19.203s] -- Installing: /home/aoof/Desktop/Coding/SpaceConcordia/ws_t1/install/turtlesim/include/turtlesim/turtlesim/msg/detail/pose__type_support.c
[19.203s] -- Installing: /home/aoof/Desktop/Coding/SpaceConcordia/ws_t1/install/turtlesim/include/turtlesim/turtlesim/msg/rosidl_typesupport_introspection_c__visibility_control.h
[19.204s] -- Up-to-date: /home/aoof/Desktop/Coding/SpaceConcordia/ws_t1/install/turtlesim/include/turtlesim/turtlesim/srv
[19.204s] -- Up-to-date: /home/aoof/Desktop/Coding/SpaceConcordia/ws_t1/install/turtlesim/include/turtlesim/turtlesim/srv/detail
[19.204s] -- Installing: /home/aoof/Desktop/Coding/SpaceConcordia/ws_t1/install/turtlesim/include/turtlesim/turtlesim/srv/detail/teleport_absolute__type_support.c
[19.204s] -- Installing: /home/aoof/Desktop/Coding/SpaceConcordia/ws_t1/install/turtlesim/include/turtlesim/turtlesim/srv/detail/set_pen__type_support.c
[19.204s] -- Installing: /home/aoof/Desktop/Coding/SpaceConcordia/ws_t1/install/turtlesim/include/turtlesim/turtlesim/srv/detail/teleport_absolute__rosidl_typesupport_introspection_c.h
[19.204s] -- Installing: /home/aoof/Desktop/Coding/SpaceConcordia/ws_t1/install/turtlesim/include/turtlesim/turtlesim/srv/detail/kill__rosidl_typesupport_introspection_c.h
[19.204s] -- Installing: /home/aoof/Desktop/Coding/SpaceConcordia/ws_t1/install/turtlesim/include/turtlesim/turtlesim/srv/detail/kill__type_support.c
[19.205s] -- Installing: /home/aoof/Desktop/Coding/SpaceConcordia/ws_t1/install/turtlesim/include/turtlesim/turtlesim/srv/detail/teleport_relative__type_support.c
[19.205s] -- Installing: /home/aoof/Desktop/Coding/SpaceConcordia/ws_t1/install/turtlesim/include/turtlesim/turtlesim/srv/detail/set_pen__rosidl_typesupport_introspection_c.h
[19.205s] -- Installing: /home/aoof/Desktop/Coding/SpaceConcordia/ws_t1/install/turtlesim/include/turtlesim/turtlesim/srv/detail/spawn__type_support.c
[19.205s] -- Installing: /home/aoof/Desktop/Coding/SpaceConcordia/ws_t1/install/turtlesim/include/turtlesim/turtlesim/srv/detail/teleport_relative__rosidl_typesupport_introspection_c.h
[19.205s] -- Installing: /home/aoof/Desktop/Coding/SpaceConcordia/ws_t1/install/turtlesim/include/turtlesim/turtlesim/srv/detail/spawn__rosidl_typesupport_introspection_c.h
[19.206s] -- Installing: /home/aoof/Desktop/Coding/SpaceConcordia/ws_t1/install/turtlesim/lib/libturtlesim__rosidl_typesupport_introspection_c.so
[19.206s] -- Set runtime path of "/home/aoof/Desktop/Coding/SpaceConcordia/ws_t1/install/turtlesim/lib/libturtlesim__rosidl_typesupport_introspection_c.so" to ""
[19.206s] -- Installing: /home/aoof/Desktop/Coding/SpaceConcordia/ws_t1/install/turtlesim/lib/libturtlesim__rosidl_typesupport_c.so
[19.207s] -- Set runtime path of "/home/aoof/Desktop/Coding/SpaceConcordia/ws_t1/install/turtlesim/lib/libturtlesim__rosidl_typesupport_c.so" to ""
[19.207s] -- Up-to-date: /home/aoof/Desktop/Coding/SpaceConcordia/ws_t1/install/turtlesim/include/turtlesim/turtlesim
[19.207s] -- Up-to-date: /home/aoof/Desktop/Coding/SpaceConcordia/ws_t1/install/turtlesim/include/turtlesim/turtlesim/action
[19.207s] -- Up-to-date: /home/aoof/Desktop/Coding/SpaceConcordia/ws_t1/install/turtlesim/include/turtlesim/turtlesim/action/detail
[19.207s] -- Installing: /home/aoof/Desktop/Coding/SpaceConcordia/ws_t1/install/turtlesim/include/turtlesim/turtlesim/action/detail/rotate_absolute__type_support.cpp
[19.207s] -- Installing: /home/aoof/Desktop/Coding/SpaceConcordia/ws_t1/install/turtlesim/include/turtlesim/turtlesim/action/detail/rotate_absolute__rosidl_typesupport_introspection_cpp.hpp
[19.207s] -- Up-to-date: /home/aoof/Desktop/Coding/SpaceConcordia/ws_t1/install/turtlesim/include/turtlesim/turtlesim/msg
[19.207s] -- Up-to-date: /home/aoof/Desktop/Coding/SpaceConcordia/ws_t1/install/turtlesim/include/turtlesim/turtlesim/msg/detail
[19.207s] -- Installing: /home/aoof/Desktop/Coding/SpaceConcordia/ws_t1/install/turtlesim/include/turtlesim/turtlesim/msg/detail/pose__type_support.cpp
[19.208s] -- Installing: /home/aoof/Desktop/Coding/SpaceConcordia/ws_t1/install/turtlesim/include/turtlesim/turtlesim/msg/detail/color__type_support.cpp
[19.208s] -- Installing: /home/aoof/Desktop/Coding/SpaceConcordia/ws_t1/install/turtlesim/include/turtlesim/turtlesim/msg/detail/color__rosidl_typesupport_introspection_cpp.hpp
[19.208s] -- Installing: /home/aoof/Desktop/Coding/SpaceConcordia/ws_t1/install/turtlesim/include/turtlesim/turtlesim/msg/detail/pose__rosidl_typesupport_introspection_cpp.hpp
[19.208s] -- Up-to-date: /home/aoof/Desktop/Coding/SpaceConcordia/ws_t1/install/turtlesim/include/turtlesim/turtlesim/srv
[19.208s] -- Up-to-date: /home/aoof/Desktop/Coding/SpaceConcordia/ws_t1/install/turtlesim/include/turtlesim/turtlesim/srv/detail
[19.208s] -- Installing: /home/aoof/Desktop/Coding/SpaceConcordia/ws_t1/install/turtlesim/include/turtlesim/turtlesim/srv/detail/spawn__type_support.cpp
[19.208s] -- Installing: /home/aoof/Desktop/Coding/SpaceConcordia/ws_t1/install/turtlesim/include/turtlesim/turtlesim/srv/detail/teleport_relative__type_support.cpp
[19.210s] -- Installing: /home/aoof/Desktop/Coding/SpaceConcordia/ws_t1/install/turtlesim/include/turtlesim/turtlesim/srv/detail/kill__type_support.cpp
[19.210s] -- Installing: /home/aoof/Desktop/Coding/SpaceConcordia/ws_t1/install/turtlesim/include/turtlesim/turtlesim/srv/detail/teleport_absolute__type_support.cpp
[19.210s] -- Installing: /home/aoof/Desktop/Coding/SpaceConcordia/ws_t1/install/turtlesim/include/turtlesim/turtlesim/srv/detail/set_pen__rosidl_typesupport_introspection_cpp.hpp
[19.210s] -- Installing: /home/aoof/Desktop/Coding/SpaceConcordia/ws_t1/install/turtlesim/include/turtlesim/turtlesim/srv/detail/set_pen__type_support.cpp
[19.210s] -- Installing: /home/aoof/Desktop/Coding/SpaceConcordia/ws_t1/install/turtlesim/include/turtlesim/turtlesim/srv/detail/spawn__rosidl_typesupport_introspection_cpp.hpp
[19.210s] -- Installing: /home/aoof/Desktop/Coding/SpaceConcordia/ws_t1/install/turtlesim/include/turtlesim/turtlesim/srv/detail/teleport_relative__rosidl_typesupport_introspection_cpp.hpp
[19.210s] -- Installing: /home/aoof/Desktop/Coding/SpaceConcordia/ws_t1/install/turtlesim/include/turtlesim/turtlesim/srv/detail/teleport_absolute__rosidl_typesupport_introspection_cpp.hpp
[19.210s] -- Installing: /home/aoof/Desktop/Coding/SpaceConcordia/ws_t1/install/turtlesim/include/turtlesim/turtlesim/srv/detail/kill__rosidl_typesupport_introspection_cpp.hpp
[19.210s] -- Installing: /home/aoof/Desktop/Coding/SpaceConcordia/ws_t1/install/turtlesim/lib/libturtlesim__rosidl_typesupport_introspection_cpp.so
[19.211s] -- Set runtime path of "/home/aoof/Desktop/Coding/SpaceConcordia/ws_t1/install/turtlesim/lib/libturtlesim__rosidl_typesupport_introspection_cpp.so" to ""
[19.211s] -- Installing: /home/aoof/Desktop/Coding/SpaceConcordia/ws_t1/install/turtlesim/lib/libturtlesim__rosidl_typesupport_cpp.so
[19.211s] -- Set runtime path of "/home/aoof/Desktop/Coding/SpaceConcordia/ws_t1/install/turtlesim/lib/libturtlesim__rosidl_typesupport_cpp.so" to ""
[19.211s] -- Installing: /home/aoof/Desktop/Coding/SpaceConcordia/ws_t1/install/turtlesim/share/turtlesim/environment/pythonpath.sh
[19.212s] -- Installing: /home/aoof/Desktop/Coding/SpaceConcordia/ws_t1/install/turtlesim/share/turtlesim/environment/pythonpath.dsv
[19.212s] -- Installing: /home/aoof/Desktop/Coding/SpaceConcordia/ws_t1/install/turtlesim/local/lib/python3.10/dist-packages/turtlesim-1.4.2-py3.10.egg-info
[19.212s] -- Installing: /home/aoof/Desktop/Coding/SpaceConcordia/ws_t1/install/turtlesim/local/lib/python3.10/dist-packages/turtlesim-1.4.2-py3.10.egg-info/SOURCES.txt
[19.213s] -- Installing: /home/aoof/Desktop/Coding/SpaceConcordia/ws_t1/install/turtlesim/local/lib/python3.10/dist-packages/turtlesim-1.4.2-py3.10.egg-info/PKG-INFO
[19.213s] -- Installing: /home/aoof/Desktop/Coding/SpaceConcordia/ws_t1/install/turtlesim/local/lib/python3.10/dist-packages/turtlesim-1.4.2-py3.10.egg-info/top_level.txt
[19.213s] -- Installing: /home/aoof/Desktop/Coding/SpaceConcordia/ws_t1/install/turtlesim/local/lib/python3.10/dist-packages/turtlesim-1.4.2-py3.10.egg-info/dependency_links.txt
[19.213s] -- Installing: /home/aoof/Desktop/Coding/SpaceConcordia/ws_t1/install/turtlesim/local/lib/python3.10/dist-packages/turtlesim
[19.213s] -- Installing: /home/aoof/Desktop/Coding/SpaceConcordia/ws_t1/install/turtlesim/local/lib/python3.10/dist-packages/turtlesim/turtlesim_s__rosidl_typesupport_c.cpython-310-x86_64-linux-gnu.so
[19.214s] -- Installing: /home/aoof/Desktop/Coding/SpaceConcordia/ws_t1/install/turtlesim/local/lib/python3.10/dist-packages/turtlesim/action
[19.214s] -- Installing: /home/aoof/Desktop/Coding/SpaceConcordia/ws_t1/install/turtlesim/local/lib/python3.10/dist-packages/turtlesim/action/_rotate_absolute_s.c
[19.214s] -- Installing: /home/aoof/Desktop/Coding/SpaceConcordia/ws_t1/install/turtlesim/local/lib/python3.10/dist-packages/turtlesim/action/_rotate_absolute.py
[19.214s] -- Installing: /home/aoof/Desktop/Coding/SpaceConcordia/ws_t1/install/turtlesim/local/lib/python3.10/dist-packages/turtlesim/action/__init__.py
[19.215s] -- Installing: /home/aoof/Desktop/Coding/SpaceConcordia/ws_t1/install/turtlesim/local/lib/python3.10/dist-packages/turtlesim/turtlesim_s__rosidl_typesupport_introspection_c.cpython-310-x86_64-linux-gnu.so
[19.215s] -- Installing: /home/aoof/Desktop/Coding/SpaceConcordia/ws_t1/install/turtlesim/local/lib/python3.10/dist-packages/turtlesim/msg
[19.215s] -- Installing: /home/aoof/Desktop/Coding/SpaceConcordia/ws_t1/install/turtlesim/local/lib/python3.10/dist-packages/turtlesim/msg/_color_s.c
[19.215s] -- Installing: /home/aoof/Desktop/Coding/SpaceConcordia/ws_t1/install/turtlesim/local/lib/python3.10/dist-packages/turtlesim/msg/_pose.py
[19.215s] -- Installing: /home/aoof/Desktop/Coding/SpaceConcordia/ws_t1/install/turtlesim/local/lib/python3.10/dist-packages/turtlesim/msg/_pose_s.c
[19.216s] -- Installing: /home/aoof/Desktop/Coding/SpaceConcordia/ws_t1/install/turtlesim/local/lib/python3.10/dist-packages/turtlesim/msg/_color.py
[19.216s] -- Installing: /home/aoof/Desktop/Coding/SpaceConcordia/ws_t1/install/turtlesim/local/lib/python3.10/dist-packages/turtlesim/msg/__init__.py
[19.216s] -- Installing: /home/aoof/Desktop/Coding/SpaceConcordia/ws_t1/install/turtlesim/local/lib/python3.10/dist-packages/turtlesim/srv
[19.216s] -- Installing: /home/aoof/Desktop/Coding/SpaceConcordia/ws_t1/install/turtlesim/local/lib/python3.10/dist-packages/turtlesim/srv/_spawn.py
[19.216s] -- Installing: /home/aoof/Desktop/Coding/SpaceConcordia/ws_t1/install/turtlesim/local/lib/python3.10/dist-packages/turtlesim/srv/_kill.py
[19.216s] -- Installing: /home/aoof/Desktop/Coding/SpaceConcordia/ws_t1/install/turtlesim/local/lib/python3.10/dist-packages/turtlesim/srv/_spawn_s.c
[19.217s] -- Installing: /home/aoof/Desktop/Coding/SpaceConcordia/ws_t1/install/turtlesim/local/lib/python3.10/dist-packages/turtlesim/srv/_teleport_absolute.py
[19.217s] -- Installing: /home/aoof/Desktop/Coding/SpaceConcordia/ws_t1/install/turtlesim/local/lib/python3.10/dist-packages/turtlesim/srv/_set_pen.py
[19.217s] -- Installing: /home/aoof/Desktop/Coding/SpaceConcordia/ws_t1/install/turtlesim/local/lib/python3.10/dist-packages/turtlesim/srv/_teleport_relative_s.c
[19.217s] -- Installing: /home/aoof/Desktop/Coding/SpaceConcordia/ws_t1/install/turtlesim/local/lib/python3.10/dist-packages/turtlesim/srv/_teleport_absolute_s.c
[19.217s] -- Installing: /home/aoof/Desktop/Coding/SpaceConcordia/ws_t1/install/turtlesim/local/lib/python3.10/dist-packages/turtlesim/srv/_teleport_relative.py
[19.217s] -- Installing: /home/aoof/Desktop/Coding/SpaceConcordia/ws_t1/install/turtlesim/local/lib/python3.10/dist-packages/turtlesim/srv/_set_pen_s.c
[19.218s] -- Installing: /home/aoof/Desktop/Coding/SpaceConcordia/ws_t1/install/turtlesim/local/lib/python3.10/dist-packages/turtlesim/srv/__init__.py
[19.218s] -- Installing: /home/aoof/Desktop/Coding/SpaceConcordia/ws_t1/install/turtlesim/local/lib/python3.10/dist-packages/turtlesim/srv/_kill_s.c
[19.218s] -- Installing: /home/aoof/Desktop/Coding/SpaceConcordia/ws_t1/install/turtlesim/local/lib/python3.10/dist-packages/turtlesim/_turtlesim_s.ep.rosidl_typesupport_c.c
[19.219s] -- Installing: /home/aoof/Desktop/Coding/SpaceConcordia/ws_t1/install/turtlesim/local/lib/python3.10/dist-packages/turtlesim/turtlesim_s__rosidl_typesupport_fastrtps_c.cpython-310-x86_64-linux-gnu.so
[19.219s] -- Installing: /home/aoof/Desktop/Coding/SpaceConcordia/ws_t1/install/turtlesim/local/lib/python3.10/dist-packages/turtlesim/_turtlesim_s.ep.rosidl_typesupport_fastrtps_c.c
[19.219s] -- Installing: /home/aoof/Desktop/Coding/SpaceConcordia/ws_t1/install/turtlesim/local/lib/python3.10/dist-packages/turtlesim/libturtlesim__rosidl_generator_py.so
[19.219s] -- Installing: /home/aoof/Desktop/Coding/SpaceConcordia/ws_t1/install/turtlesim/local/lib/python3.10/dist-packages/turtlesim/__init__.py
[19.219s] -- Installing: /home/aoof/Desktop/Coding/SpaceConcordia/ws_t1/install/turtlesim/local/lib/python3.10/dist-packages/turtlesim/_turtlesim_s.ep.rosidl_typesupport_introspection_c.c
[19.260s] Listing '/home/aoof/Desktop/Coding/SpaceConcordia/ws_t1/install/turtlesim/local/lib/python3.10/dist-packages/turtlesim'...
[19.260s] Compiling '/home/aoof/Desktop/Coding/SpaceConcordia/ws_t1/install/turtlesim/local/lib/python3.10/dist-packages/turtlesim/__init__.py'...
[19.260s] Listing '/home/aoof/Desktop/Coding/SpaceConcordia/ws_t1/install/turtlesim/local/lib/python3.10/dist-packages/turtlesim/action'...
[19.260s] Compiling '/home/aoof/Desktop/Coding/SpaceConcordia/ws_t1/install/turtlesim/local/lib/python3.10/dist-packages/turtlesim/action/__init__.py'...
[19.260s] Compiling '/home/aoof/Desktop/Coding/SpaceConcordia/ws_t1/install/turtlesim/local/lib/python3.10/dist-packages/turtlesim/action/_rotate_absolute.py'...
[19.260s] Listing '/home/aoof/Desktop/Coding/SpaceConcordia/ws_t1/install/turtlesim/local/lib/python3.10/dist-packages/turtlesim/msg'...
[19.260s] Compiling '/home/aoof/Desktop/Coding/SpaceConcordia/ws_t1/install/turtlesim/local/lib/python3.10/dist-packages/turtlesim/msg/__init__.py'...
[19.260s] Compiling '/home/aoof/Desktop/Coding/SpaceConcordia/ws_t1/install/turtlesim/local/lib/python3.10/dist-packages/turtlesim/msg/_color.py'...
[19.260s] Compiling '/home/aoof/Desktop/Coding/SpaceConcordia/ws_t1/install/turtlesim/local/lib/python3.10/dist-packages/turtlesim/msg/_pose.py'...
[19.260s] Listing '/home/aoof/Desktop/Coding/SpaceConcordia/ws_t1/install/turtlesim/local/lib/python3.10/dist-packages/turtlesim/srv'...
[19.260s] Compiling '/home/aoof/Desktop/Coding/SpaceConcordia/ws_t1/install/turtlesim/local/lib/python3.10/dist-packages/turtlesim/srv/__init__.py'...
[19.260s] Compiling '/home/aoof/Desktop/Coding/SpaceConcordia/ws_t1/install/turtlesim/local/lib/python3.10/dist-packages/turtlesim/srv/_kill.py'...
[19.260s] Compiling '/home/aoof/Desktop/Coding/SpaceConcordia/ws_t1/install/turtlesim/local/lib/python3.10/dist-packages/turtlesim/srv/_set_pen.py'...
[19.261s] Compiling '/home/aoof/Desktop/Coding/SpaceConcordia/ws_t1/install/turtlesim/local/lib/python3.10/dist-packages/turtlesim/srv/_spawn.py'...
[19.261s] Compiling '/home/aoof/Desktop/Coding/SpaceConcordia/ws_t1/install/turtlesim/local/lib/python3.10/dist-packages/turtlesim/srv/_teleport_absolute.py'...
[19.261s] Compiling '/home/aoof/Desktop/Coding/SpaceConcordia/ws_t1/install/turtlesim/local/lib/python3.10/dist-packages/turtlesim/srv/_teleport_relative.py'...
[19.264s] -- Installing: /home/aoof/Desktop/Coding/SpaceConcordia/ws_t1/install/turtlesim/local/lib/python3.10/dist-packages/turtlesim/turtlesim_s__rosidl_typesupport_fastrtps_c.cpython-310-x86_64-linux-gnu.so
[19.265s] -- Set runtime path of "/home/aoof/Desktop/Coding/SpaceConcordia/ws_t1/install/turtlesim/local/lib/python3.10/dist-packages/turtlesim/turtlesim_s__rosidl_typesupport_fastrtps_c.cpython-310-x86_64-linux-gnu.so" to ""
[19.265s] -- Installing: /home/aoof/Desktop/Coding/SpaceConcordia/ws_t1/install/turtlesim/local/lib/python3.10/dist-packages/turtlesim/turtlesim_s__rosidl_typesupport_introspection_c.cpython-310-x86_64-linux-gnu.so
[19.265s] -- Set runtime path of "/home/aoof/Desktop/Coding/SpaceConcordia/ws_t1/install/turtlesim/local/lib/python3.10/dist-packages/turtlesim/turtlesim_s__rosidl_typesupport_introspection_c.cpython-310-x86_64-linux-gnu.so" to ""
[19.265s] -- Installing: /home/aoof/Desktop/Coding/SpaceConcordia/ws_t1/install/turtlesim/local/lib/python3.10/dist-packages/turtlesim/turtlesim_s__rosidl_typesupport_c.cpython-310-x86_64-linux-gnu.so
[19.266s] -- Set runtime path of "/home/aoof/Desktop/Coding/SpaceConcordia/ws_t1/install/turtlesim/local/lib/python3.10/dist-packages/turtlesim/turtlesim_s__rosidl_typesupport_c.cpython-310-x86_64-linux-gnu.so" to ""
[19.266s] -- Installing: /home/aoof/Desktop/Coding/SpaceConcordia/ws_t1/install/turtlesim/lib/libturtlesim__rosidl_generator_py.so
[19.267s] -- Set runtime path of "/home/aoof/Desktop/Coding/SpaceConcordia/ws_t1/install/turtlesim/lib/libturtlesim__rosidl_generator_py.so" to ""
[19.267s] -- Installing: /home/aoof/Desktop/Coding/SpaceConcordia/ws_t1/install/turtlesim/share/turtlesim/action/RotateAbsolute.idl
[19.267s] -- Installing: /home/aoof/Desktop/Coding/SpaceConcordia/ws_t1/install/turtlesim/share/turtlesim/msg/Color.idl
[19.267s] -- Installing: /home/aoof/Desktop/Coding/SpaceConcordia/ws_t1/install/turtlesim/share/turtlesim/msg/Pose.idl
[19.267s] -- Installing: /home/aoof/Desktop/Coding/SpaceConcordia/ws_t1/install/turtlesim/share/turtlesim/srv/Kill.idl
[19.268s] -- Installing: /home/aoof/Desktop/Coding/SpaceConcordia/ws_t1/install/turtlesim/share/turtlesim/srv/SetPen.idl
[19.268s] -- Installing: /home/aoof/Desktop/Coding/SpaceConcordia/ws_t1/install/turtlesim/share/turtlesim/srv/Spawn.idl
[19.268s] -- Installing: /home/aoof/Desktop/Coding/SpaceConcordia/ws_t1/install/turtlesim/share/turtlesim/srv/TeleportAbsolute.idl
[19.268s] -- Installing: /home/aoof/Desktop/Coding/SpaceConcordia/ws_t1/install/turtlesim/share/turtlesim/srv/TeleportRelative.idl
[19.268s] -- Installing: /home/aoof/Desktop/Coding/SpaceConcordia/ws_t1/install/turtlesim/share/turtlesim/action/RotateAbsolute.action
[19.269s] -- Installing: /home/aoof/Desktop/Coding/SpaceConcordia/ws_t1/install/turtlesim/share/turtlesim/msg/Color.msg
[19.269s] -- Installing: /home/aoof/Desktop/Coding/SpaceConcordia/ws_t1/install/turtlesim/share/turtlesim/msg/Pose.msg
[19.269s] -- Installing: /home/aoof/Desktop/Coding/SpaceConcordia/ws_t1/install/turtlesim/share/turtlesim/srv/Kill.srv
[19.269s] -- Installing: /home/aoof/Desktop/Coding/SpaceConcordia/ws_t1/install/turtlesim/share/turtlesim/srv/Kill_Request.msg
[19.269s] -- Installing: /home/aoof/Desktop/Coding/SpaceConcordia/ws_t1/install/turtlesim/share/turtlesim/srv/Kill_Response.msg
[19.270s] -- Installing: /home/aoof/Desktop/Coding/SpaceConcordia/ws_t1/install/turtlesim/share/turtlesim/srv/SetPen.srv
[19.270s] -- Installing: /home/aoof/Desktop/Coding/SpaceConcordia/ws_t1/install/turtlesim/share/turtlesim/srv/SetPen_Request.msg
[19.270s] -- Installing: /home/aoof/Desktop/Coding/SpaceConcordia/ws_t1/install/turtlesim/share/turtlesim/srv/SetPen_Response.msg
[19.270s] -- Installing: /home/aoof/Desktop/Coding/SpaceConcordia/ws_t1/install/turtlesim/share/turtlesim/srv/Spawn.srv
[19.270s] -- Installing: /home/aoof/Desktop/Coding/SpaceConcordia/ws_t1/install/turtlesim/share/turtlesim/srv/Spawn_Request.msg
[19.271s] -- Installing: /home/aoof/Desktop/Coding/SpaceConcordia/ws_t1/install/turtlesim/share/turtlesim/srv/Spawn_Response.msg
[19.271s] -- Installing: /home/aoof/Desktop/Coding/SpaceConcordia/ws_t1/install/turtlesim/share/turtlesim/srv/TeleportAbsolute.srv
[19.271s] -- Installing: /home/aoof/Desktop/Coding/SpaceConcordia/ws_t1/install/turtlesim/share/turtlesim/srv/TeleportAbsolute_Request.msg
[19.271s] -- Installing: /home/aoof/Desktop/Coding/SpaceConcordia/ws_t1/install/turtlesim/share/turtlesim/srv/TeleportAbsolute_Response.msg
[19.271s] -- Installing: /home/aoof/Desktop/Coding/SpaceConcordia/ws_t1/install/turtlesim/share/turtlesim/srv/TeleportRelative.srv
[19.272s] -- Installing: /home/aoof/Desktop/Coding/SpaceConcordia/ws_t1/install/turtlesim/share/turtlesim/srv/TeleportRelative_Request.msg
[19.272s] -- Installing: /home/aoof/Desktop/Coding/SpaceConcordia/ws_t1/install/turtlesim/share/turtlesim/srv/TeleportRelative_Response.msg
[19.272s] -- Installing: /home/aoof/Desktop/Coding/SpaceConcordia/ws_t1/install/turtlesim/lib/turtlesim/turtlesim_node
[19.288s] -- Set runtime path of "/home/aoof/Desktop/Coding/SpaceConcordia/ws_t1/install/turtlesim/lib/turtlesim/turtlesim_node" to ""
[19.288s] -- Installing: /home/aoof/Desktop/Coding/SpaceConcordia/ws_t1/install/turtlesim/lib/turtlesim/turtle_teleop_key
[19.291s] -- Set runtime path of "/home/aoof/Desktop/Coding/SpaceConcordia/ws_t1/install/turtlesim/lib/turtlesim/turtle_teleop_key" to ""
[19.291s] -- Installing: /home/aoof/Desktop/Coding/SpaceConcordia/ws_t1/install/turtlesim/lib/turtlesim/draw_square
[19.298s] -- Set runtime path of "/home/aoof/Desktop/Coding/SpaceConcordia/ws_t1/install/turtlesim/lib/turtlesim/draw_square" to ""
[19.298s] -- Installing: /home/aoof/Desktop/Coding/SpaceConcordia/ws_t1/install/turtlesim/lib/turtlesim/mimic
[19.305s] -- Set runtime path of "/home/aoof/Desktop/Coding/SpaceConcordia/ws_t1/install/turtlesim/lib/turtlesim/mimic" to ""
[19.305s] -- Installing: /home/aoof/Desktop/Coding/SpaceConcordia/ws_t1/install/turtlesim/share/turtlesim/images
[19.305s] -- Installing: /home/aoof/Desktop/Coding/SpaceConcordia/ws_t1/install/turtlesim/share/turtlesim/images/dashing.png
[19.305s] -- Installing: /home/aoof/Desktop/Coding/SpaceConcordia/ws_t1/install/turtlesim/share/turtlesim/images/humble.png
[19.305s] -- Installing: /home/aoof/Desktop/Coding/SpaceConcordia/ws_t1/install/turtlesim/share/turtlesim/images/crystal.png
[19.306s] -- Installing: /home/aoof/Desktop/Coding/SpaceConcordia/ws_t1/install/turtlesim/share/turtlesim/images/rolling.png
[19.306s] -- Installing: /home/aoof/Desktop/Coding/SpaceConcordia/ws_t1/install/turtlesim/share/turtlesim/images/bouncy.png
[19.306s] -- Installing: /home/aoof/Desktop/Coding/SpaceConcordia/ws_t1/install/turtlesim/share/turtlesim/images/eloquent.png
[19.306s] -- Installing: /home/aoof/Desktop/Coding/SpaceConcordia/ws_t1/install/turtlesim/share/turtlesim/images/ardent.png
[19.306s] -- Installing: /home/aoof/Desktop/Coding/SpaceConcordia/ws_t1/install/turtlesim/share/turtlesim/images/galactic.png
[19.307s] -- Installing: /home/aoof/Desktop/Coding/SpaceConcordia/ws_t1/install/turtlesim/share/turtlesim/images/foxy.png
[19.307s] -- Installing: /home/aoof/Desktop/Coding/SpaceConcordia/ws_t1/install/turtlesim/share/turtlesim/launch
[19.307s] -- Installing: /home/aoof/Desktop/Coding/SpaceConcordia/ws_t1/install/turtlesim/share/turtlesim/launch/multisim.launch.py
[19.307s] -- Installing: /home/aoof/Desktop/Coding/SpaceConcordia/ws_t1/install/turtlesim/share/ament_index/resource_index/package_run_dependencies/turtlesim
[19.308s] -- Installing: /home/aoof/Desktop/Coding/SpaceConcordia/ws_t1/install/turtlesim/share/ament_index/resource_index/parent_prefix_path/turtlesim
[19.308s] -- Installing: /home/aoof/Desktop/Coding/SpaceConcordia/ws_t1/install/turtlesim/share/turtlesim/environment/ament_prefix_path.sh
[19.308s] -- Installing: /home/aoof/Desktop/Coding/SpaceConcordia/ws_t1/install/turtlesim/share/turtlesim/environment/ament_prefix_path.dsv
[19.308s] -- Installing: /home/aoof/Desktop/Coding/SpaceConcordia/ws_t1/install/turtlesim/share/turtlesim/environment/path.sh
[19.309s] -- Installing: /home/aoof/Desktop/Coding/SpaceConcordia/ws_t1/install/turtlesim/share/turtlesim/environment/path.dsv
[19.309s] -- Installing: /home/aoof/Desktop/Coding/SpaceConcordia/ws_t1/install/turtlesim/share/turtlesim/local_setup.bash
[19.309s] -- Installing: /home/aoof/Desktop/Coding/SpaceConcordia/ws_t1/install/turtlesim/share/turtlesim/local_setup.sh
[19.309s] -- Installing: /home/aoof/Desktop/Coding/SpaceConcordia/ws_t1/install/turtlesim/share/turtlesim/local_setup.zsh
[19.310s] -- Installing: /home/aoof/Desktop/Coding/SpaceConcordia/ws_t1/install/turtlesim/share/turtlesim/local_setup.dsv
[19.310s] -- Installing: /home/aoof/Desktop/Coding/SpaceConcordia/ws_t1/install/turtlesim/share/turtlesim/package.dsv
[19.310s] -- Installing: /home/aoof/Desktop/Coding/SpaceConcordia/ws_t1/install/turtlesim/share/ament_index/resource_index/packages/turtlesim
[19.310s] -- Installing: /home/aoof/Desktop/Coding/SpaceConcordia/ws_t1/install/turtlesim/share/turtlesim/cmake/export_turtlesim__rosidl_generator_cExport.cmake
[19.311s] -- Installing: /home/aoof/Desktop/Coding/SpaceConcordia/ws_t1/install/turtlesim/share/turtlesim/cmake/export_turtlesim__rosidl_generator_cExport-noconfig.cmake
[19.311s] -- Installing: /home/aoof/Desktop/Coding/SpaceConcordia/ws_t1/install/turtlesim/share/turtlesim/cmake/export_turtlesim__rosidl_typesupport_fastrtps_cExport.cmake
[19.311s] -- Installing: /home/aoof/Desktop/Coding/SpaceConcordia/ws_t1/install/turtlesim/share/turtlesim/cmake/export_turtlesim__rosidl_typesupport_fastrtps_cExport-noconfig.cmake
[19.311s] -- Installing: /home/aoof/Desktop/Coding/SpaceConcordia/ws_t1/install/turtlesim/share/turtlesim/cmake/export_turtlesim__rosidl_generator_cppExport.cmake
[19.312s] -- Installing: /home/aoof/Desktop/Coding/SpaceConcordia/ws_t1/install/turtlesim/share/turtlesim/cmake/export_turtlesim__rosidl_typesupport_fastrtps_cppExport.cmake
[19.312s] -- Installing: /home/aoof/Desktop/Coding/SpaceConcordia/ws_t1/install/turtlesim/share/turtlesim/cmake/export_turtlesim__rosidl_typesupport_fastrtps_cppExport-noconfig.cmake
[19.312s] -- Installing: /home/aoof/Desktop/Coding/SpaceConcordia/ws_t1/install/turtlesim/share/turtlesim/cmake/turtlesim__rosidl_typesupport_introspection_cExport.cmake
[19.312s] -- Installing: /home/aoof/Desktop/Coding/SpaceConcordia/ws_t1/install/turtlesim/share/turtlesim/cmake/turtlesim__rosidl_typesupport_introspection_cExport-noconfig.cmake
[19.313s] -- Installing: /home/aoof/Desktop/Coding/SpaceConcordia/ws_t1/install/turtlesim/share/turtlesim/cmake/turtlesim__rosidl_typesupport_cExport.cmake
[19.313s] -- Installing: /home/aoof/Desktop/Coding/SpaceConcordia/ws_t1/install/turtlesim/share/turtlesim/cmake/turtlesim__rosidl_typesupport_cExport-noconfig.cmake
[19.313s] -- Installing: /home/aoof/Desktop/Coding/SpaceConcordia/ws_t1/install/turtlesim/share/turtlesim/cmake/turtlesim__rosidl_typesupport_introspection_cppExport.cmake
[19.313s] -- Installing: /home/aoof/Desktop/Coding/SpaceConcordia/ws_t1/install/turtlesim/share/turtlesim/cmake/turtlesim__rosidl_typesupport_introspection_cppExport-noconfig.cmake
[19.314s] -- Installing: /home/aoof/Desktop/Coding/SpaceConcordia/ws_t1/install/turtlesim/share/turtlesim/cmake/turtlesim__rosidl_typesupport_cppExport.cmake
[19.314s] -- Installing: /home/aoof/Desktop/Coding/SpaceConcordia/ws_t1/install/turtlesim/share/turtlesim/cmake/turtlesim__rosidl_typesupport_cppExport-noconfig.cmake
[19.314s] -- Installing: /home/aoof/Desktop/Coding/SpaceConcordia/ws_t1/install/turtlesim/share/turtlesim/cmake/export_turtlesim__rosidl_generator_pyExport.cmake
[19.314s] -- Installing: /home/aoof/Desktop/Coding/SpaceConcordia/ws_t1/install/turtlesim/share/turtlesim/cmake/export_turtlesim__rosidl_generator_pyExport-noconfig.cmake
[19.315s] -- Installing: /home/aoof/Desktop/Coding/SpaceConcordia/ws_t1/install/turtlesim/share/turtlesim/cmake/rosidl_cmake-extras.cmake
[19.315s] -- Installing: /home/aoof/Desktop/Coding/SpaceConcordia/ws_t1/install/turtlesim/share/turtlesim/cmake/ament_cmake_export_dependencies-extras.cmake
[19.315s] -- Installing: /home/aoof/Desktop/Coding/SpaceConcordia/ws_t1/install/turtlesim/share/turtlesim/cmake/ament_cmake_export_include_directories-extras.cmake
[19.315s] -- Installing: /home/aoof/Desktop/Coding/SpaceConcordia/ws_t1/install/turtlesim/share/turtlesim/cmake/ament_cmake_export_libraries-extras.cmake
[19.315s] -- Installing: /home/aoof/Desktop/Coding/SpaceConcordia/ws_t1/install/turtlesim/share/turtlesim/cmake/ament_cmake_export_targets-extras.cmake
[19.316s] -- Installing: /home/aoof/Desktop/Coding/SpaceConcordia/ws_t1/install/turtlesim/share/turtlesim/cmake/rosidl_cmake_export_typesupport_targets-extras.cmake
[19.316s] -- Installing: /home/aoof/Desktop/Coding/SpaceConcordia/ws_t1/install/turtlesim/share/turtlesim/cmake/rosidl_cmake_export_typesupport_libraries-extras.cmake
[19.316s] -- Installing: /home/aoof/Desktop/Coding/SpaceConcordia/ws_t1/install/turtlesim/share/turtlesim/cmake/turtlesimConfig.cmake
[19.316s] -- Installing: /home/aoof/Desktop/Coding/SpaceConcordia/ws_t1/install/turtlesim/share/turtlesim/cmake/turtlesimConfig-version.cmake
[19.317s] -- Installing: /home/aoof/Desktop/Coding/SpaceConcordia/ws_t1/install/turtlesim/share/turtlesim/package.xml
[19.320s] Invoked command in '/home/aoof/Desktop/Coding/SpaceConcordia/ws_t1/build/turtlesim' returned '0': CMAKE_PREFIX_PATH=/opt/ros/humble /usr/bin/cmake --install /home/aoof/Desktop/Coding/SpaceConcordia/ws_t1/build/turtlesim
