[0.615s] Invoking command in '/home/aoof/Desktop/Coding/SpaceConcordia/ws_p1/src/node_py': PYTHONPATH=/home/aoof/Desktop/Coding/SpaceConcordia/ws_p1/build/node_py/prefix_override:/usr/lib/python3/dist-packages/colcon_core/task/python/colcon_distutils_commands:/home/aoof/Desktop/Coding/SpaceConcordia/ws_p1/install/node_py/lib/python3.10/site-packages:${PYTHONPATH} /usr/bin/python3 -W ignore:setup.py install is deprecated setup.py egg_info --egg-base ../../build/node_py build --build-base /home/aoof/Desktop/Coding/SpaceConcordia/ws_p1/build/node_py/build install --record /home/aoof/Desktop/Coding/SpaceConcordia/ws_p1/build/node_py/install.log --single-version-externally-managed install_data
[0.846s] running egg_info
[0.847s] writing ../../build/node_py/node_py.egg-info/PKG-INFO
[0.847s] writing dependency_links to ../../build/node_py/node_py.egg-info/dependency_links.txt
[0.847s] writing entry points to ../../build/node_py/node_py.egg-info/entry_points.txt
[0.847s] writing requirements to ../../build/node_py/node_py.egg-info/requires.txt
[0.847s] writing top-level names to ../../build/node_py/node_py.egg-info/top_level.txt
[0.848s] reading manifest file '../../build/node_py/node_py.egg-info/SOURCES.txt'
[0.849s] writing manifest file '../../build/node_py/node_py.egg-info/SOURCES.txt'
[0.849s] running build
[0.849s] running build_py
[0.849s] running install
[0.850s] running install_lib
[0.851s] running install_data
[0.851s] running install_egg_info
[0.853s] removing '/home/aoof/Desktop/Coding/SpaceConcordia/ws_p1/install/node_py/lib/python3.10/site-packages/node_py-0.0.0-py3.10.egg-info' (and everything under it)
[0.854s] Copying ../../build/node_py/node_py.egg-info to /home/aoof/Desktop/Coding/SpaceConcordia/ws_p1/install/node_py/lib/python3.10/site-packages/node_py-0.0.0-py3.10.egg-info
[0.855s] running install_scripts
[0.874s] writing list of installed files to '/home/aoof/Desktop/Coding/SpaceConcordia/ws_p1/build/node_py/install.log'
[0.899s] Invoked command in '/home/aoof/Desktop/Coding/SpaceConcordia/ws_p1/src/node_py' returned '0': PYTHONPATH=/home/aoof/Desktop/Coding/SpaceConcordia/ws_p1/build/node_py/prefix_override:/usr/lib/python3/dist-packages/colcon_core/task/python/colcon_distutils_commands:/home/aoof/Desktop/Coding/SpaceConcordia/ws_p1/install/node_py/lib/python3.10/site-packages:${PYTHONPATH} /usr/bin/python3 -W ignore:setup.py install is deprecated setup.py egg_info --egg-base ../../build/node_py build --build-base /home/aoof/Desktop/Coding/SpaceConcordia/ws_p1/build/node_py/build install --record /home/aoof/Desktop/Coding/SpaceConcordia/ws_p1/build/node_py/install.log --single-version-externally-managed install_data
