[0.096s] DEBUG:colcon:Command line arguments: ['/usr/bin/colcon', 'build']
[0.096s] DEBUG:colcon:Parsed command line arguments: Namespace(log_base=None, log_level=None, verb_name='build', build_base='build', install_base='install', merge_install=False, symlink_install=False, test_result_base=None, continue_on_error=False, executor='parallel', parallel_workers=12, event_handlers=None, ignore_user_meta=False, metas=['./colcon.meta'], base_paths=['.'], packages_ignore=None, packages_ignore_regex=None, paths=None, packages_up_to=None, packages_up_to_regex=None, packages_above=None, packages_above_and_dependencies=None, packages_above_depth=None, packages_select_by_dep=None, packages_skip_by_dep=None, packages_skip_up_to=None, packages_select_build_failed=False, packages_skip_build_finished=False, packages_select_test_failures=False, packages_skip_test_passed=False, packages_select=None, packages_skip=None, packages_select_regex=None, packages_skip_regex=None, packages_start=None, packages_end=None, allow_overriding=[], cmake_args=None, cmake_target=None, cmake_target_skip_unavailable=False, cmake_clean_cache=False, cmake_clean_first=False, cmake_force_configure=False, ament_cmake_args=None, catkin_cmake_args=None, catkin_skip_building_tests=False, mixin_files=None, mixin=None, verb_parser=<colcon_mixin.mixin.mixin_argument.MixinArgumentDecorator object at 0x76a11584ab00>, verb_extension=<colcon_core.verb.build.BuildVerb object at 0x76a1159530d0>, main=<bound method BuildVerb.main of <colcon_core.verb.build.BuildVerb object at 0x76a1159530d0>>, mixin_verb=('build',))
[0.251s] Level 1:colcon.colcon_core.package_discovery:discover_packages(colcon_meta) check parameters
[0.251s] Level 1:colcon.colcon_core.package_discovery:discover_packages(recursive) check parameters
[0.251s] Level 1:colcon.colcon_core.package_discovery:discover_packages(ignore) check parameters
[0.251s] Level 1:colcon.colcon_core.package_discovery:discover_packages(path) check parameters
[0.251s] Level 1:colcon.colcon_core.package_discovery:discover_packages(colcon_meta) discover
[0.251s] Level 1:colcon.colcon_core.package_discovery:discover_packages(recursive) discover
[0.251s] INFO:colcon.colcon_core.package_discovery:Crawling recursively for packages in '/home/aoof/Desktop/Coding/SpaceConcordia/ws_p1'
[0.251s] Level 1:colcon.colcon_core.package_identification:_identify(.) by extensions ['ignore', 'ignore_ament_install']
[0.252s] Level 1:colcon.colcon_core.package_identification:_identify(.) by extension 'ignore'
[0.252s] Level 1:colcon.colcon_core.package_identification:_identify(.) by extension 'ignore_ament_install'
[0.252s] Level 1:colcon.colcon_core.package_identification:_identify(.) by extensions ['colcon_pkg']
[0.252s] Level 1:colcon.colcon_core.package_identification:_identify(.) by extension 'colcon_pkg'
[0.252s] Level 1:colcon.colcon_core.package_identification:_identify(.) by extensions ['colcon_meta']
[0.252s] Level 1:colcon.colcon_core.package_identification:_identify(.) by extension 'colcon_meta'
[0.252s] Level 1:colcon.colcon_core.package_identification:_identify(.) by extensions ['ros']
[0.252s] Level 1:colcon.colcon_core.package_identification:_identify(.) by extension 'ros'
[0.281s] Level 1:colcon.colcon_core.package_identification:_identify(.) by extensions ['cmake', 'python']
[0.281s] Level 1:colcon.colcon_core.package_identification:_identify(.) by extension 'cmake'
[0.282s] Level 1:colcon.colcon_core.package_identification:_identify(.) by extension 'python'
[0.282s] Level 1:colcon.colcon_core.package_identification:_identify(.) by extensions ['python_setup_py']
[0.282s] Level 1:colcon.colcon_core.package_identification:_identify(.) by extension 'python_setup_py'
[0.282s] Level 1:colcon.colcon_core.package_identification:_identify(build) by extensions ['ignore', 'ignore_ament_install']
[0.282s] Level 1:colcon.colcon_core.package_identification:_identify(build) by extension 'ignore'
[0.282s] Level 1:colcon.colcon_core.package_identification:_identify(build) ignored
[0.282s] Level 1:colcon.colcon_core.package_identification:_identify(install) by extensions ['ignore', 'ignore_ament_install']
[0.282s] Level 1:colcon.colcon_core.package_identification:_identify(install) by extension 'ignore'
[0.282s] Level 1:colcon.colcon_core.package_identification:_identify(install) ignored
[0.282s] Level 1:colcon.colcon_core.package_identification:_identify(log) by extensions ['ignore', 'ignore_ament_install']
[0.282s] Level 1:colcon.colcon_core.package_identification:_identify(log) by extension 'ignore'
[0.282s] Level 1:colcon.colcon_core.package_identification:_identify(log) ignored
[0.282s] Level 1:colcon.colcon_core.package_identification:_identify(src) by extensions ['ignore', 'ignore_ament_install']
[0.282s] Level 1:colcon.colcon_core.package_identification:_identify(src) by extension 'ignore'
[0.282s] Level 1:colcon.colcon_core.package_identification:_identify(src) by extension 'ignore_ament_install'
[0.282s] Level 1:colcon.colcon_core.package_identification:_identify(src) by extensions ['colcon_pkg']
[0.283s] Level 1:colcon.colcon_core.package_identification:_identify(src) by extension 'colcon_pkg'
[0.283s] Level 1:colcon.colcon_core.package_identification:_identify(src) by extensions ['colcon_meta']
[0.283s] Level 1:colcon.colcon_core.package_identification:_identify(src) by extension 'colcon_meta'
[0.283s] Level 1:colcon.colcon_core.package_identification:_identify(src) by extensions ['ros']
[0.283s] Level 1:colcon.colcon_core.package_identification:_identify(src) by extension 'ros'
[0.283s] Level 1:colcon.colcon_core.package_identification:_identify(src) by extensions ['cmake', 'python']
[0.283s] Level 1:colcon.colcon_core.package_identification:_identify(src) by extension 'cmake'
[0.283s] Level 1:colcon.colcon_core.package_identification:_identify(src) by extension 'python'
[0.283s] Level 1:colcon.colcon_core.package_identification:_identify(src) by extensions ['python_setup_py']
[0.283s] Level 1:colcon.colcon_core.package_identification:_identify(src) by extension 'python_setup_py'
[0.283s] Level 1:colcon.colcon_core.package_identification:_identify(src/node_cpp) by extensions ['ignore', 'ignore_ament_install']
[0.283s] Level 1:colcon.colcon_core.package_identification:_identify(src/node_cpp) by extension 'ignore'
[0.283s] Level 1:colcon.colcon_core.package_identification:_identify(src/node_cpp) by extension 'ignore_ament_install'
[0.283s] Level 1:colcon.colcon_core.package_identification:_identify(src/node_cpp) by extensions ['colcon_pkg']
[0.283s] Level 1:colcon.colcon_core.package_identification:_identify(src/node_cpp) by extension 'colcon_pkg'
[0.283s] Level 1:colcon.colcon_core.package_identification:_identify(src/node_cpp) by extensions ['colcon_meta']
[0.283s] Level 1:colcon.colcon_core.package_identification:_identify(src/node_cpp) by extension 'colcon_meta'
[0.283s] Level 1:colcon.colcon_core.package_identification:_identify(src/node_cpp) by extensions ['ros']
[0.283s] Level 1:colcon.colcon_core.package_identification:_identify(src/node_cpp) by extension 'ros'
[0.285s] DEBUG:colcon.colcon_core.package_identification:Package 'src/node_cpp' with type 'ros.ament_cmake' and name 'node_cpp'
[0.285s] Level 1:colcon.colcon_core.package_identification:_identify(src/node_py) by extensions ['ignore', 'ignore_ament_install']
[0.286s] Level 1:colcon.colcon_core.package_identification:_identify(src/node_py) by extension 'ignore'
[0.286s] Level 1:colcon.colcon_core.package_identification:_identify(src/node_py) by extension 'ignore_ament_install'
[0.286s] Level 1:colcon.colcon_core.package_identification:_identify(src/node_py) by extensions ['colcon_pkg']
[0.286s] Level 1:colcon.colcon_core.package_identification:_identify(src/node_py) by extension 'colcon_pkg'
[0.286s] Level 1:colcon.colcon_core.package_identification:_identify(src/node_py) by extensions ['colcon_meta']
[0.286s] Level 1:colcon.colcon_core.package_identification:_identify(src/node_py) by extension 'colcon_meta'
[0.286s] Level 1:colcon.colcon_core.package_identification:_identify(src/node_py) by extensions ['ros']
[0.286s] Level 1:colcon.colcon_core.package_identification:_identify(src/node_py) by extension 'ros'
[0.286s] DEBUG:colcon.colcon_core.package_identification:Package 'src/node_py' with type 'ros.ament_python' and name 'node_py'
[0.286s] Level 1:colcon.colcon_core.package_discovery:discover_packages(recursive) using defaults
[0.287s] Level 1:colcon.colcon_core.package_discovery:discover_packages(ignore) discover
[0.287s] Level 1:colcon.colcon_core.package_discovery:discover_packages(ignore) using defaults
[0.287s] Level 1:colcon.colcon_core.package_discovery:discover_packages(path) discover
[0.287s] Level 1:colcon.colcon_core.package_discovery:discover_packages(path) using defaults
[0.301s] Level 1:colcon.colcon_core.package_discovery:discover_packages(prefix_path) check parameters
[0.302s] Level 1:colcon.colcon_core.package_discovery:discover_packages(prefix_path) discover
[0.303s] DEBUG:colcon.colcon_installed_package_information.package_discovery:Found 2 installed packages in /home/aoof/Desktop/Coding/SpaceConcordia/ws_p1/install
[0.305s] DEBUG:colcon.colcon_installed_package_information.package_discovery:Found 294 installed packages in /opt/ros/humble
[0.306s] Level 1:colcon.colcon_core.package_discovery:discover_packages(prefix_path) using defaults
[0.340s] Level 5:colcon.colcon_core.verb:set package 'node_cpp' build argument 'cmake_args' from command line to 'None'
[0.340s] Level 5:colcon.colcon_core.verb:set package 'node_cpp' build argument 'cmake_target' from command line to 'None'
[0.340s] Level 5:colcon.colcon_core.verb:set package 'node_cpp' build argument 'cmake_target_skip_unavailable' from command line to 'False'
[0.340s] Level 5:colcon.colcon_core.verb:set package 'node_cpp' build argument 'cmake_clean_cache' from command line to 'False'
[0.340s] Level 5:colcon.colcon_core.verb:set package 'node_cpp' build argument 'cmake_clean_first' from command line to 'False'
[0.340s] Level 5:colcon.colcon_core.verb:set package 'node_cpp' build argument 'cmake_force_configure' from command line to 'False'
[0.340s] Level 5:colcon.colcon_core.verb:set package 'node_cpp' build argument 'ament_cmake_args' from command line to 'None'
[0.340s] Level 5:colcon.colcon_core.verb:set package 'node_cpp' build argument 'catkin_cmake_args' from command line to 'None'
[0.340s] Level 5:colcon.colcon_core.verb:set package 'node_cpp' build argument 'catkin_skip_building_tests' from command line to 'False'
[0.340s] DEBUG:colcon.colcon_core.verb:Building package 'node_cpp' with the following arguments: {'ament_cmake_args': None, 'build_base': '/home/aoof/Desktop/Coding/SpaceConcordia/ws_p1/build/node_cpp', 'catkin_cmake_args': None, 'catkin_skip_building_tests': False, 'cmake_args': None, 'cmake_clean_cache': False, 'cmake_clean_first': False, 'cmake_force_configure': False, 'cmake_target': None, 'cmake_target_skip_unavailable': False, 'install_base': '/home/aoof/Desktop/Coding/SpaceConcordia/ws_p1/install/node_cpp', 'merge_install': False, 'path': '/home/aoof/Desktop/Coding/SpaceConcordia/ws_p1/src/node_cpp', 'symlink_install': False, 'test_result_base': None}
[0.341s] Level 5:colcon.colcon_core.verb:set package 'node_py' build argument 'cmake_args' from command line to 'None'
[0.341s] Level 5:colcon.colcon_core.verb:set package 'node_py' build argument 'cmake_target' from command line to 'None'
[0.341s] Level 5:colcon.colcon_core.verb:set package 'node_py' build argument 'cmake_target_skip_unavailable' from command line to 'False'
[0.341s] Level 5:colcon.colcon_core.verb:set package 'node_py' build argument 'cmake_clean_cache' from command line to 'False'
[0.341s] Level 5:colcon.colcon_core.verb:set package 'node_py' build argument 'cmake_clean_first' from command line to 'False'
[0.341s] Level 5:colcon.colcon_core.verb:set package 'node_py' build argument 'cmake_force_configure' from command line to 'False'
[0.341s] Level 5:colcon.colcon_core.verb:set package 'node_py' build argument 'ament_cmake_args' from command line to 'None'
[0.341s] Level 5:colcon.colcon_core.verb:set package 'node_py' build argument 'catkin_cmake_args' from command line to 'None'
[0.341s] Level 5:colcon.colcon_core.verb:set package 'node_py' build argument 'catkin_skip_building_tests' from command line to 'False'
[0.341s] DEBUG:colcon.colcon_core.verb:Building package 'node_py' with the following arguments: {'ament_cmake_args': None, 'build_base': '/home/aoof/Desktop/Coding/SpaceConcordia/ws_p1/build/node_py', 'catkin_cmake_args': None, 'catkin_skip_building_tests': False, 'cmake_args': None, 'cmake_clean_cache': False, 'cmake_clean_first': False, 'cmake_force_configure': False, 'cmake_target': None, 'cmake_target_skip_unavailable': False, 'install_base': '/home/aoof/Desktop/Coding/SpaceConcordia/ws_p1/install/node_py', 'merge_install': False, 'path': '/home/aoof/Desktop/Coding/SpaceConcordia/ws_p1/src/node_py', 'symlink_install': False, 'test_result_base': None}
[0.341s] INFO:colcon.colcon_core.executor:Executing jobs using 'parallel' executor
[0.342s] DEBUG:colcon.colcon_parallel_executor.executor.parallel:run_until_complete
[0.342s] INFO:colcon.colcon_ros.task.ament_cmake.build:Building ROS package in '/home/aoof/Desktop/Coding/SpaceConcordia/ws_p1/src/node_cpp' with build type 'ament_cmake'
[0.342s] INFO:colcon.colcon_cmake.task.cmake.build:Building CMake package in '/home/aoof/Desktop/Coding/SpaceConcordia/ws_p1/src/node_cpp'
[0.344s] INFO:colcon.colcon_core.plugin_system:Skipping extension 'colcon_core.shell.bat': Not used on non-Windows systems
[0.344s] INFO:colcon.colcon_core.shell:Skip shell extension 'powershell' for command environment: Not usable outside of PowerShell
[0.344s] DEBUG:colcon.colcon_core.shell:Skip shell extension 'dsv' for command environment
[0.347s] INFO:colcon.colcon_ros.task.ament_python.build:Building ROS package in '/home/aoof/Desktop/Coding/SpaceConcordia/ws_p1/src/node_py' with build type 'ament_python'
[0.347s] Level 1:colcon.colcon_core.shell:create_environment_hook('node_py', 'ament_prefix_path')
[0.348s] INFO:colcon.colcon_core.shell:Creating environment hook '/home/aoof/Desktop/Coding/SpaceConcordia/ws_p1/install/node_py/share/node_py/hook/ament_prefix_path.ps1'
[0.348s] INFO:colcon.colcon_core.shell:Creating environment descriptor '/home/aoof/Desktop/Coding/SpaceConcordia/ws_p1/install/node_py/share/node_py/hook/ament_prefix_path.dsv'
[0.348s] INFO:colcon.colcon_core.shell:Creating environment hook '/home/aoof/Desktop/Coding/SpaceConcordia/ws_p1/install/node_py/share/node_py/hook/ament_prefix_path.sh'
[0.349s] INFO:colcon.colcon_core.shell:Skip shell extension 'powershell' for command environment: Not usable outside of PowerShell
[0.349s] DEBUG:colcon.colcon_core.shell:Skip shell extension 'dsv' for command environment
[0.356s] DEBUG:colcon.colcon_core.event_handler.log_command:Invoking command in '/home/aoof/Desktop/Coding/SpaceConcordia/ws_p1/build/node_cpp': CMAKE_PREFIX_PATH=${CMAKE_PREFIX_PATH}:/home/aoof/Desktop/Coding/SpaceConcordia/ws_p1/install/node_py:/opt/ros/humble /usr/bin/cmake --build /home/aoof/Desktop/Coding/SpaceConcordia/ws_p1/build/node_cpp -- -j12 -l12
[0.608s] INFO:colcon.colcon_core.task.python.build:Building Python package in '/home/aoof/Desktop/Coding/SpaceConcordia/ws_p1/src/node_py'
[0.609s] INFO:colcon.colcon_core.shell:Skip shell extension 'powershell' for command environment: Not usable outside of PowerShell
[0.609s] DEBUG:colcon.colcon_core.shell:Skip shell extension 'dsv' for command environment
[0.962s] DEBUG:colcon.colcon_core.event_handler.log_command:Invoking command in '/home/aoof/Desktop/Coding/SpaceConcordia/ws_p1/src/node_py': PYTHONPATH=/home/aoof/Desktop/Coding/SpaceConcordia/ws_p1/build/node_py/prefix_override:/usr/lib/python3/dist-packages/colcon_core/task/python/colcon_distutils_commands:/home/aoof/Desktop/Coding/SpaceConcordia/ws_p1/install/node_py/lib/python3.10/site-packages:${PYTHONPATH} /usr/bin/python3 -W ignore:setup.py install is deprecated setup.py egg_info --egg-base ../../build/node_py build --build-base /home/aoof/Desktop/Coding/SpaceConcordia/ws_p1/build/node_py/build install --record /home/aoof/Desktop/Coding/SpaceConcordia/ws_p1/build/node_py/install.log --single-version-externally-managed install_data
[1.246s] DEBUG:colcon.colcon_core.event_handler.log_command:Invoked command in '/home/aoof/Desktop/Coding/SpaceConcordia/ws_p1/src/node_py' returned '0': PYTHONPATH=/home/aoof/Desktop/Coding/SpaceConcordia/ws_p1/build/node_py/prefix_override:/usr/lib/python3/dist-packages/colcon_core/task/python/colcon_distutils_commands:/home/aoof/Desktop/Coding/SpaceConcordia/ws_p1/install/node_py/lib/python3.10/site-packages:${PYTHONPATH} /usr/bin/python3 -W ignore:setup.py install is deprecated setup.py egg_info --egg-base ../../build/node_py build --build-base /home/aoof/Desktop/Coding/SpaceConcordia/ws_p1/build/node_py/build install --record /home/aoof/Desktop/Coding/SpaceConcordia/ws_p1/build/node_py/install.log --single-version-externally-managed install_data
[1.248s] Level 1:colcon.colcon_core.environment:checking '/home/aoof/Desktop/Coding/SpaceConcordia/ws_p1/install/node_py' for CMake module files
[1.248s] Level 1:colcon.colcon_core.environment:checking '/home/aoof/Desktop/Coding/SpaceConcordia/ws_p1/install/node_py' for CMake config files
[1.249s] Level 1:colcon.colcon_core.environment:checking '/home/aoof/Desktop/Coding/SpaceConcordia/ws_p1/install/node_py/lib'
[1.249s] Level 1:colcon.colcon_core.environment:checking '/home/aoof/Desktop/Coding/SpaceConcordia/ws_p1/install/node_py/bin'
[1.249s] Level 1:colcon.colcon_core.environment:checking '/home/aoof/Desktop/Coding/SpaceConcordia/ws_p1/install/node_py/lib/pkgconfig/node_py.pc'
[1.250s] Level 1:colcon.colcon_core.environment:checking '/home/aoof/Desktop/Coding/SpaceConcordia/ws_p1/install/node_py/lib/python3.10/site-packages'
[1.250s] Level 1:colcon.colcon_core.shell:create_environment_hook('node_py', 'pythonpath')
[1.250s] INFO:colcon.colcon_core.shell:Creating environment hook '/home/aoof/Desktop/Coding/SpaceConcordia/ws_p1/install/node_py/share/node_py/hook/pythonpath.ps1'
[1.251s] INFO:colcon.colcon_core.shell:Creating environment descriptor '/home/aoof/Desktop/Coding/SpaceConcordia/ws_p1/install/node_py/share/node_py/hook/pythonpath.dsv'
[1.251s] INFO:colcon.colcon_core.shell:Creating environment hook '/home/aoof/Desktop/Coding/SpaceConcordia/ws_p1/install/node_py/share/node_py/hook/pythonpath.sh'
[1.251s] Level 1:colcon.colcon_core.environment:checking '/home/aoof/Desktop/Coding/SpaceConcordia/ws_p1/install/node_py/bin'
[1.252s] Level 1:colcon.colcon_core.environment:create_environment_scripts_only(node_py)
[1.252s] INFO:colcon.colcon_core.shell:Creating package script '/home/aoof/Desktop/Coding/SpaceConcordia/ws_p1/install/node_py/share/node_py/package.ps1'
[1.253s] INFO:colcon.colcon_core.shell:Creating package descriptor '/home/aoof/Desktop/Coding/SpaceConcordia/ws_p1/install/node_py/share/node_py/package.dsv'
[1.253s] INFO:colcon.colcon_core.shell:Creating package script '/home/aoof/Desktop/Coding/SpaceConcordia/ws_p1/install/node_py/share/node_py/package.sh'
[1.254s] INFO:colcon.colcon_core.shell:Creating package script '/home/aoof/Desktop/Coding/SpaceConcordia/ws_p1/install/node_py/share/node_py/package.bash'
[1.255s] INFO:colcon.colcon_core.shell:Creating package script '/home/aoof/Desktop/Coding/SpaceConcordia/ws_p1/install/node_py/share/node_py/package.zsh'
[1.256s] Level 1:colcon.colcon_core.environment:create_file_with_runtime_dependencies(/home/aoof/Desktop/Coding/SpaceConcordia/ws_p1/install/node_py/share/colcon-core/packages/node_py)
[3.377s] DEBUG:colcon.colcon_core.event_handler.log_command:Invoked command in '/home/aoof/Desktop/Coding/SpaceConcordia/ws_p1/build/node_cpp' returned '0': CMAKE_PREFIX_PATH=${CMAKE_PREFIX_PATH}:/home/aoof/Desktop/Coding/SpaceConcordia/ws_p1/install/node_py:/opt/ros/humble /usr/bin/cmake --build /home/aoof/Desktop/Coding/SpaceConcordia/ws_p1/build/node_cpp -- -j12 -l12
[3.415s] DEBUG:colcon.colcon_core.event_handler.log_command:Invoking command in '/home/aoof/Desktop/Coding/SpaceConcordia/ws_p1/build/node_cpp': CMAKE_PREFIX_PATH=${CMAKE_PREFIX_PATH}:/home/aoof/Desktop/Coding/SpaceConcordia/ws_p1/install/node_py:/opt/ros/humble /usr/bin/cmake --install /home/aoof/Desktop/Coding/SpaceConcordia/ws_p1/build/node_cpp
[3.427s] Level 1:colcon.colcon_core.environment:create_environment_scripts_only(node_cpp)
[3.428s] Level 1:colcon.colcon_core.environment:checking '/home/aoof/Desktop/Coding/SpaceConcordia/ws_p1/install/node_cpp' for CMake module files
[3.428s] DEBUG:colcon.colcon_core.event_handler.log_command:Invoked command in '/home/aoof/Desktop/Coding/SpaceConcordia/ws_p1/build/node_cpp' returned '0': CMAKE_PREFIX_PATH=${CMAKE_PREFIX_PATH}:/home/aoof/Desktop/Coding/SpaceConcordia/ws_p1/install/node_py:/opt/ros/humble /usr/bin/cmake --install /home/aoof/Desktop/Coding/SpaceConcordia/ws_p1/build/node_cpp
[3.429s] Level 1:colcon.colcon_core.environment:checking '/home/aoof/Desktop/Coding/SpaceConcordia/ws_p1/install/node_cpp' for CMake config files
[3.429s] Level 1:colcon.colcon_core.shell:create_environment_hook('node_cpp', 'cmake_prefix_path')
[3.429s] INFO:colcon.colcon_core.shell:Creating environment hook '/home/aoof/Desktop/Coding/SpaceConcordia/ws_p1/install/node_cpp/share/node_cpp/hook/cmake_prefix_path.ps1'
[3.430s] INFO:colcon.colcon_core.shell:Creating environment descriptor '/home/aoof/Desktop/Coding/SpaceConcordia/ws_p1/install/node_cpp/share/node_cpp/hook/cmake_prefix_path.dsv'
[3.430s] INFO:colcon.colcon_core.shell:Creating environment hook '/home/aoof/Desktop/Coding/SpaceConcordia/ws_p1/install/node_cpp/share/node_cpp/hook/cmake_prefix_path.sh'
[3.431s] Level 1:colcon.colcon_core.environment:checking '/home/aoof/Desktop/Coding/SpaceConcordia/ws_p1/install/node_cpp/lib'
[3.431s] Level 1:colcon.colcon_core.environment:checking '/home/aoof/Desktop/Coding/SpaceConcordia/ws_p1/install/node_cpp/bin'
[3.431s] Level 1:colcon.colcon_core.environment:checking '/home/aoof/Desktop/Coding/SpaceConcordia/ws_p1/install/node_cpp/lib/pkgconfig/node_cpp.pc'
[3.431s] Level 1:colcon.colcon_core.environment:checking '/home/aoof/Desktop/Coding/SpaceConcordia/ws_p1/install/node_cpp/lib/python3.10/site-packages'
[3.431s] Level 1:colcon.colcon_core.environment:checking '/home/aoof/Desktop/Coding/SpaceConcordia/ws_p1/install/node_cpp/bin'
[3.431s] INFO:colcon.colcon_core.shell:Creating package script '/home/aoof/Desktop/Coding/SpaceConcordia/ws_p1/install/node_cpp/share/node_cpp/package.ps1'
[3.432s] INFO:colcon.colcon_core.shell:Creating package descriptor '/home/aoof/Desktop/Coding/SpaceConcordia/ws_p1/install/node_cpp/share/node_cpp/package.dsv'
[3.432s] INFO:colcon.colcon_core.shell:Creating package script '/home/aoof/Desktop/Coding/SpaceConcordia/ws_p1/install/node_cpp/share/node_cpp/package.sh'
[3.432s] INFO:colcon.colcon_core.shell:Creating package script '/home/aoof/Desktop/Coding/SpaceConcordia/ws_p1/install/node_cpp/share/node_cpp/package.bash'
[3.433s] INFO:colcon.colcon_core.shell:Creating package script '/home/aoof/Desktop/Coding/SpaceConcordia/ws_p1/install/node_cpp/share/node_cpp/package.zsh'
[3.433s] Level 1:colcon.colcon_core.environment:create_file_with_runtime_dependencies(/home/aoof/Desktop/Coding/SpaceConcordia/ws_p1/install/node_cpp/share/colcon-core/packages/node_cpp)
[3.459s] Level 1:colcon.colcon_core.environment:create_environment_scripts_only(node_cpp)
[3.459s] Level 1:colcon.colcon_core.environment:checking '/home/aoof/Desktop/Coding/SpaceConcordia/ws_p1/install/node_cpp' for CMake module files
[3.460s] Level 1:colcon.colcon_core.environment:checking '/home/aoof/Desktop/Coding/SpaceConcordia/ws_p1/install/node_cpp' for CMake config files
[3.460s] Level 1:colcon.colcon_core.shell:create_environment_hook('node_cpp', 'cmake_prefix_path')
[3.460s] INFO:colcon.colcon_core.shell:Creating environment hook '/home/aoof/Desktop/Coding/SpaceConcordia/ws_p1/install/node_cpp/share/node_cpp/hook/cmake_prefix_path.ps1'
[3.460s] INFO:colcon.colcon_core.shell:Creating environment descriptor '/home/aoof/Desktop/Coding/SpaceConcordia/ws_p1/install/node_cpp/share/node_cpp/hook/cmake_prefix_path.dsv'
[3.461s] INFO:colcon.colcon_core.shell:Creating environment hook '/home/aoof/Desktop/Coding/SpaceConcordia/ws_p1/install/node_cpp/share/node_cpp/hook/cmake_prefix_path.sh'
[3.461s] Level 1:colcon.colcon_core.environment:checking '/home/aoof/Desktop/Coding/SpaceConcordia/ws_p1/install/node_cpp/lib'
[3.461s] Level 1:colcon.colcon_core.environment:checking '/home/aoof/Desktop/Coding/SpaceConcordia/ws_p1/install/node_cpp/bin'
[3.461s] Level 1:colcon.colcon_core.environment:checking '/home/aoof/Desktop/Coding/SpaceConcordia/ws_p1/install/node_cpp/lib/pkgconfig/node_cpp.pc'
[3.461s] Level 1:colcon.colcon_core.environment:checking '/home/aoof/Desktop/Coding/SpaceConcordia/ws_p1/install/node_cpp/lib/python3.10/site-packages'
[3.462s] Level 1:colcon.colcon_core.environment:checking '/home/aoof/Desktop/Coding/SpaceConcordia/ws_p1/install/node_cpp/bin'
[3.462s] INFO:colcon.colcon_core.shell:Creating package script '/home/aoof/Desktop/Coding/SpaceConcordia/ws_p1/install/node_cpp/share/node_cpp/package.ps1'
[3.462s] INFO:colcon.colcon_core.shell:Creating package descriptor '/home/aoof/Desktop/Coding/SpaceConcordia/ws_p1/install/node_cpp/share/node_cpp/package.dsv'
[3.463s] INFO:colcon.colcon_core.shell:Creating package script '/home/aoof/Desktop/Coding/SpaceConcordia/ws_p1/install/node_cpp/share/node_cpp/package.sh'
[3.463s] INFO:colcon.colcon_core.shell:Creating package script '/home/aoof/Desktop/Coding/SpaceConcordia/ws_p1/install/node_cpp/share/node_cpp/package.bash'
[3.463s] INFO:colcon.colcon_core.shell:Creating package script '/home/aoof/Desktop/Coding/SpaceConcordia/ws_p1/install/node_cpp/share/node_cpp/package.zsh'
[3.463s] Level 1:colcon.colcon_core.environment:create_file_with_runtime_dependencies(/home/aoof/Desktop/Coding/SpaceConcordia/ws_p1/install/node_cpp/share/colcon-core/packages/node_cpp)
[3.464s] DEBUG:colcon.colcon_parallel_executor.executor.parallel:closing loop
[3.464s] DEBUG:colcon.colcon_parallel_executor.executor.parallel:loop closed
[3.464s] DEBUG:colcon.colcon_parallel_executor.executor.parallel:run_until_complete finished with '0'
[3.464s] DEBUG:colcon.colcon_core.event_reactor:joining thread
[3.469s] INFO:colcon.colcon_core.plugin_system:Skipping extension 'colcon_notification.desktop_notification.terminal_notifier': Not used on non-Darwin systems
[3.469s] INFO:colcon.colcon_core.plugin_system:Skipping extension 'colcon_notification.desktop_notification.win32': Not used on non-Windows systems
[3.469s] INFO:colcon.colcon_notification.desktop_notification:Sending desktop notification using 'notify2'
[3.479s] DEBUG:colcon.colcon_core.event_reactor:joined thread
[3.479s] INFO:colcon.colcon_core.shell:Creating prefix script '/home/aoof/Desktop/Coding/SpaceConcordia/ws_p1/install/local_setup.ps1'
[3.480s] INFO:colcon.colcon_core.shell:Creating prefix util module '/home/aoof/Desktop/Coding/SpaceConcordia/ws_p1/install/_local_setup_util_ps1.py'
[3.482s] INFO:colcon.colcon_core.shell:Creating prefix chain script '/home/aoof/Desktop/Coding/SpaceConcordia/ws_p1/install/setup.ps1'
[3.482s] INFO:colcon.colcon_core.shell:Creating prefix script '/home/aoof/Desktop/Coding/SpaceConcordia/ws_p1/install/local_setup.sh'
[3.483s] INFO:colcon.colcon_core.shell:Creating prefix util module '/home/aoof/Desktop/Coding/SpaceConcordia/ws_p1/install/_local_setup_util_sh.py'
[3.483s] INFO:colcon.colcon_core.shell:Creating prefix chain script '/home/aoof/Desktop/Coding/SpaceConcordia/ws_p1/install/setup.sh'
[3.484s] INFO:colcon.colcon_core.shell:Creating prefix script '/home/aoof/Desktop/Coding/SpaceConcordia/ws_p1/install/local_setup.bash'
[3.485s] INFO:colcon.colcon_core.shell:Creating prefix chain script '/home/aoof/Desktop/Coding/SpaceConcordia/ws_p1/install/setup.bash'
[3.485s] INFO:colcon.colcon_core.shell:Creating prefix script '/home/aoof/Desktop/Coding/SpaceConcordia/ws_p1/install/local_setup.zsh'
[3.486s] INFO:colcon.colcon_core.shell:Creating prefix chain script '/home/aoof/Desktop/Coding/SpaceConcordia/ws_p1/install/setup.zsh'
