running egg_info
creating ../../build/node_py/node_py.egg-info
writing ../../build/node_py/node_py.egg-info/PKG-INFO
writing dependency_links to ../../build/node_py/node_py.egg-info/dependency_links.txt
writing entry points to ../../build/node_py/node_py.egg-info/entry_points.txt
writing requirements to ../../build/node_py/node_py.egg-info/requires.txt
writing top-level names to ../../build/node_py/node_py.egg-info/top_level.txt
writing manifest file '../../build/node_py/node_py.egg-info/SOURCES.txt'
reading manifest file '../../build/node_py/node_py.egg-info/SOURCES.txt'
writing manifest file '../../build/node_py/node_py.egg-info/SOURCES.txt'
running build
running build_py
creating /home/aoof/Desktop/Coding/SpaceConcordia/ws_p1/build/node_py/build
creating /home/aoof/Desktop/Coding/SpaceConcordia/ws_p1/build/node_py/build/lib
creating /home/aoof/Desktop/Coding/SpaceConcordia/ws_p1/build/node_py/build/lib/node_py
copying node_py/main_node.py -> /home/aoof/Desktop/Coding/SpaceConcordia/ws_p1/build/node_py/build/lib/node_py
copying node_py/__init__.py -> /home/aoof/Desktop/Coding/SpaceConcordia/ws_p1/build/node_py/build/lib/node_py
running install
running install_lib
creating /home/aoof/Desktop/Coding/SpaceConcordia/ws_p1/install/node_py/lib/python3.10/site-packages/node_py
copying /home/aoof/Desktop/Coding/SpaceConcordia/ws_p1/build/node_py/build/lib/node_py/main_node.py -> /home/aoof/Desktop/Coding/SpaceConcordia/ws_p1/install/node_py/lib/python3.10/site-packages/node_py
copying /home/aoof/Desktop/Coding/SpaceConcordia/ws_p1/build/node_py/build/lib/node_py/__init__.py -> /home/aoof/Desktop/Coding/SpaceConcordia/ws_p1/install/node_py/lib/python3.10/site-packages/node_py
byte-compiling /home/aoof/Desktop/Coding/SpaceConcordia/ws_p1/install/node_py/lib/python3.10/site-packages/node_py/main_node.py to main_node.cpython-310.pyc
byte-compiling /home/aoof/Desktop/Coding/SpaceConcordia/ws_p1/install/node_py/lib/python3.10/site-packages/node_py/__init__.py to __init__.cpython-310.pyc
running install_data
creating /home/aoof/Desktop/Coding/SpaceConcordia/ws_p1/install/node_py/share/ament_index
creating /home/aoof/Desktop/Coding/SpaceConcordia/ws_p1/install/node_py/share/ament_index/resource_index
creating /home/aoof/Desktop/Coding/SpaceConcordia/ws_p1/install/node_py/share/ament_index/resource_index/packages
copying resource/node_py -> /home/aoof/Desktop/Coding/SpaceConcordia/ws_p1/install/node_py/share/ament_index/resource_index/packages
copying package.xml -> /home/aoof/Desktop/Coding/SpaceConcordia/ws_p1/install/node_py/share/node_py
running install_egg_info
Copying ../../build/node_py/node_py.egg-info to /home/aoof/Desktop/Coding/SpaceConcordia/ws_p1/install/node_py/lib/python3.10/site-packages/node_py-0.0.0-py3.10.egg-info
running install_scripts
writing list of installed files to '/home/aoof/Desktop/Coding/SpaceConcordia/ws_p1/build/node_py/install.log'
